mode: set
github.com/alatticeio/lattice/api/v1alpha1/lattice_cluster.go:149.13,152.2 2 0
github.com/alatticeio/lattice/api/v1alpha1/lattice_endpoint.go:30.13,32.2 1 0
github.com/alatticeio/lattice/api/v1alpha1/lattice_invitations.go:53.13,55.2 1 0
github.com/alatticeio/lattice/api/v1alpha1/lattice_ipam.go:78.13,81.2 2 0
github.com/alatticeio/lattice/api/v1alpha1/lattice_network_peering.go:80.13,82.2 1 0
github.com/alatticeio/lattice/api/v1alpha1/lattice_network_types.go:110.13,112.2 1 0
github.com/alatticeio/lattice/api/v1alpha1/lattice_peer_types.go:183.13,185.2 1 0
github.com/alatticeio/lattice/api/v1alpha1/lattice_policy_types.go:107.13,109.2 1 0
github.com/alatticeio/lattice/api/v1alpha1/lattice_relay_types.go:131.13,133.2 1 0
github.com/alatticeio/lattice/api/v1alpha1/lattice_relay_types.go:136.63,137.34 1 0
github.com/alatticeio/lattice/api/v1alpha1/lattice_relay_types.go:137.34,139.3 1 0
github.com/alatticeio/lattice/api/v1alpha1/lattice_relay_types.go:140.2,140.12 1 0
github.com/alatticeio/lattice/api/v1alpha1/lattice_relay_types.go:144.62,145.15 1 0
github.com/alatticeio/lattice/api/v1alpha1/lattice_relay_types.go:145.15,147.3 1 0
github.com/alatticeio/lattice/api/v1alpha1/lattice_relay_types.go:148.2,150.12 3 0
github.com/alatticeio/lattice/api/v1alpha1/lattice_relay_types.go:154.69,160.2 5 0
github.com/alatticeio/lattice/api/v1alpha1/lattice_relay_types.go:163.77,165.26 2 0
github.com/alatticeio/lattice/api/v1alpha1/lattice_relay_types.go:165.26,169.3 3 0
github.com/alatticeio/lattice/api/v1alpha1/lattice_relay_types.go:173.70,174.15 1 0
github.com/alatticeio/lattice/api/v1alpha1/lattice_relay_types.go:174.15,176.3 1 0
github.com/alatticeio/lattice/api/v1alpha1/lattice_relay_types.go:177.2,179.12 3 0
github.com/alatticeio/lattice/api/v1alpha1/lattice_relay_types.go:183.81,185.25 2 0
github.com/alatticeio/lattice/api/v1alpha1/lattice_relay_types.go:185.25,188.3 2 0
github.com/alatticeio/lattice/api/v1alpha1/lattice_relay_types.go:189.2,189.29 1 0
github.com/alatticeio/lattice/api/v1alpha1/lattice_relay_types.go:189.29,192.3 2 0
github.com/alatticeio/lattice/api/v1alpha1/lattice_relay_types.go:193.2,193.26 1 0
github.com/alatticeio/lattice/api/v1alpha1/lattice_relay_types.go:193.26,196.22 3 0
github.com/alatticeio/lattice/api/v1alpha1/lattice_relay_types.go:196.22,198.4 1 0
github.com/alatticeio/lattice/api/v1alpha1/lattice_relay_types.go:203.74,204.15 1 0
github.com/alatticeio/lattice/api/v1alpha1/lattice_relay_types.go:204.15,206.3 1 0
github.com/alatticeio/lattice/api/v1alpha1/lattice_relay_types.go:207.2,209.12 3 0
github.com/alatticeio/lattice/api/v1alpha1/lattice_relay_types.go:213.67,214.34 1 0
github.com/alatticeio/lattice/api/v1alpha1/lattice_relay_types.go:214.34,216.3 1 0
github.com/alatticeio/lattice/api/v1alpha1/lattice_relay_types.go:217.2,217.12 1 0
github.com/alatticeio/lattice/api/v1alpha1/lattice_relay_types.go:221.70,222.15 1 0
github.com/alatticeio/lattice/api/v1alpha1/lattice_relay_types.go:222.15,224.3 1 0
github.com/alatticeio/lattice/api/v1alpha1/lattice_relay_types.go:225.2,227.12 3 0
github.com/alatticeio/lattice/api/v1alpha1/lattice_relay_types.go:231.77,235.21 4 0
github.com/alatticeio/lattice/api/v1alpha1/lattice_relay_types.go:235.21,238.22 3 0
github.com/alatticeio/lattice/api/v1alpha1/lattice_relay_types.go:238.22,240.4 1 0
github.com/alatticeio/lattice/api/v1alpha1/lattice_token.go:44.13,46.2 1 0
github.com/alatticeio/lattice/api/v1alpha1/zz_generated.deepcopy.go:27.67,29.2 1 0
github.com/alatticeio/lattice/api/v1alpha1/zz_generated.deepcopy.go:32.60,33.15 1 0
github.com/alatticeio/lattice/api/v1alpha1/zz_generated.deepcopy.go:33.15,35.3 1 0
github.com/alatticeio/lattice/api/v1alpha1/zz_generated.deepcopy.go:36.2,38.12 3 0
github.com/alatticeio/lattice/api/v1alpha1/zz_generated.deepcopy.go:42.51,44.23 2 0
github.com/alatticeio/lattice/api/v1alpha1/zz_generated.deepcopy.go:44.23,48.3 3 0
github.com/alatticeio/lattice/api/v1alpha1/zz_generated.deepcopy.go:52.44,53.15 1 0
github.com/alatticeio/lattice/api/v1alpha1/zz_generated.deepcopy.go:53.15,55.3 1 0
github.com/alatticeio/lattice/api/v1alpha1/zz_generated.deepcopy.go:56.2,58.12 3 0
github.com/alatticeio/lattice/api/v1alpha1/zz_generated.deepcopy.go:62.53,64.18 2 0
github.com/alatticeio/lattice/api/v1alpha1/zz_generated.deepcopy.go:64.18,67.22 3 0
github.com/alatticeio/lattice/api/v1alpha1/zz_generated.deepcopy.go:67.22,69.4 1 0
github.com/alatticeio/lattice/api/v1alpha1/zz_generated.deepcopy.go:71.2,71.21 1 0
github.com/alatticeio/lattice/api/v1alpha1/zz_generated.deepcopy.go:71.21,75.3 3 0
github.com/alatticeio/lattice/api/v1alpha1/zz_generated.deepcopy.go:79.46,80.15 1 0
github.com/alatticeio/lattice/api/v1alpha1/zz_generated.deepcopy.go:80.15,82.3 1 0
github.com/alatticeio/lattice/api/v1alpha1/zz_generated.deepcopy.go:83.2,85.12 3 0
github.com/alatticeio/lattice/api/v1alpha1/zz_generated.deepcopy.go:89.57,92.2 2 0
github.com/alatticeio/lattice/api/v1alpha1/zz_generated.deepcopy.go:95.50,96.15 1 0
github.com/alatticeio/lattice/api/v1alpha1/zz_generated.deepcopy.go:96.15,98.3 1 0
github.com/alatticeio/lattice/api/v1alpha1/zz_generated.deepcopy.go:99.2,101.12 3 0
github.com/alatticeio/lattice/api/v1alpha1/zz_generated.deepcopy.go:105.47,107.2 1 0
github.com/alatticeio/lattice/api/v1alpha1/zz_generated.deepcopy.go:110.40,111.15 1 0
github.com/alatticeio/lattice/api/v1alpha1/zz_generated.deepcopy.go:111.15,113.3 1 0
github.com/alatticeio/lattice/api/v1alpha1/zz_generated.deepcopy.go:114.2,116.12 3 0
github.com/alatticeio/lattice/api/v1alpha1/zz_generated.deepcopy.go:120.55,122.20 2 0
github.com/alatticeio/lattice/api/v1alpha1/zz_generated.deepcopy.go:122.20,125.22 3 0
github.com/alatticeio/lattice/api/v1alpha1/zz_generated.deepcopy.go:125.22,127.4 1 0
github.com/alatticeio/lattice/api/v1alpha1/zz_generated.deepcopy.go:129.2,129.21 1 0
github.com/alatticeio/lattice/api/v1alpha1/zz_generated.deepcopy.go:129.21,133.3 3 0
github.com/alatticeio/lattice/api/v1alpha1/zz_generated.deepcopy.go:137.48,138.15 1 0
github.com/alatticeio/lattice/api/v1alpha1/zz_generated.deepcopy.go:138.15,140.3 1 0
github.com/alatticeio/lattice/api/v1alpha1/zz_generated.deepcopy.go:141.2,143.12 3 0
github.com/alatticeio/lattice/api/v1alpha1/zz_generated.deepcopy.go:147.61,153.2 5 0
github.com/alatticeio/lattice/api/v1alpha1/zz_generated.deepcopy.go:156.54,157.15 1 0
github.com/alatticeio/lattice/api/v1alpha1/zz_generated.deepcopy.go:157.15,159.3 1 0
github.com/alatticeio/lattice/api/v1alpha1/zz_generated.deepcopy.go:160.2,162.12 3 0
github.com/alatticeio/lattice/api/v1alpha1/zz_generated.deepcopy.go:166.59,167.34 1 0
github.com/alatticeio/lattice/api/v1alpha1/zz_generated.deepcopy.go:167.34,169.3 1 0
github.com/alatticeio/lattice/api/v1alpha1/zz_generated.deepcopy.go:170.2,170.12 1 0
github.com/alatticeio/lattice/api/v1alpha1/zz_generated.deepcopy.go:174.69,178.21 4 0
github.com/alatticeio/lattice/api/v1alpha1/zz_generated.deepcopy.go:178.21,181.22 3 0
github.com/alatticeio/lattice/api/v1alpha1/zz_generated.deepcopy.go:181.22,183.4 1 0
github.com/alatticeio/lattice/api/v1alpha1/zz_generated.deepcopy.go:188.62,189.15 1 0
github.com/alatticeio/lattice/api/v1alpha1/zz_generated.deepcopy.go:189.15,191.3 1 0
github.com/alatticeio/lattice/api/v1alpha1/zz_generated.deepcopy.go:192.2,194.12 3 0
github.com/alatticeio/lattice/api/v1alpha1/zz_generated.deepcopy.go:198.63,199.34 1 0
github.com/alatticeio/lattice/api/v1alpha1/zz_generated.deepcopy.go:199.34,201.3 1 0
github.com/alatticeio/lattice/api/v1alpha1/zz_generated.deepcopy.go:202.2,202.12 1 0
github.com/alatticeio/lattice/api/v1alpha1/zz_generated.deepcopy.go:206.75,212.2 5 0
github.com/alatticeio/lattice/api/v1alpha1/zz_generated.deepcopy.go:215.68,216.15 1 0
github.com/alatticeio/lattice/api/v1alpha1/zz_generated.deepcopy.go:216.15,218.3 1 0
github.com/alatticeio/lattice/api/v1alpha1/zz_generated.deepcopy.go:219.2,221.12 3 0
github.com/alatticeio/lattice/api/v1alpha1/zz_generated.deepcopy.go:225.66,226.34 1 0
github.com/alatticeio/lattice/api/v1alpha1/zz_generated.deepcopy.go:226.34,228.3 1 0
github.com/alatticeio/lattice/api/v1alpha1/zz_generated.deepcopy.go:229.2,229.12 1 0
github.com/alatticeio/lattice/api/v1alpha1/zz_generated.deepcopy.go:233.83,237.21 4 0
github.com/alatticeio/lattice/api/v1alpha1/zz_generated.deepcopy.go:237.21,240.22 3 0
github.com/alatticeio/lattice/api/v1alpha1/zz_generated.deepcopy.go:240.22,242.4 1 0
github.com/alatticeio/lattice/api/v1alpha1/zz_generated.deepcopy.go:247.76,248.15 1 0
github.com/alatticeio/lattice/api/v1alpha1/zz_generated.deepcopy.go:248.15,250.3 1 0
github.com/alatticeio/lattice/api/v1alpha1/zz_generated.deepcopy.go:251.2,253.12 3 0
github.com/alatticeio/lattice/api/v1alpha1/zz_generated.deepcopy.go:257.70,258.34 1 0
github.com/alatticeio/lattice/api/v1alpha1/zz_generated.deepcopy.go:258.34,260.3 1 0
github.com/alatticeio/lattice/api/v1alpha1/zz_generated.deepcopy.go:261.2,261.12 1 0
github.com/alatticeio/lattice/api/v1alpha1/zz_generated.deepcopy.go:265.83,267.2 1 0
github.com/alatticeio/lattice/api/v1alpha1/zz_generated.deepcopy.go:270.76,271.15 1 0
github.com/alatticeio/lattice/api/v1alpha1/zz_generated.deepcopy.go:271.15,273.3 1 0
github.com/alatticeio/lattice/api/v1alpha1/zz_generated.deepcopy.go:274.2,276.12 3 0
github.com/alatticeio/lattice/api/v1alpha1/zz_generated.deepcopy.go:280.87,282.26 2 0
github.com/alatticeio/lattice/api/v1alpha1/zz_generated.deepcopy.go:282.26,285.22 3 0
github.com/alatticeio/lattice/api/v1alpha1/zz_generated.deepcopy.go:285.22,287.4 1 0
github.com/alatticeio/lattice/api/v1alpha1/zz_generated.deepcopy.go:292.80,293.15 1 0
github.com/alatticeio/lattice/api/v1alpha1/zz_generated.deepcopy.go:293.15,295.3 1 0
github.com/alatticeio/lattice/api/v1alpha1/zz_generated.deepcopy.go:296.2,298.12 3 0
github.com/alatticeio/lattice/api/v1alpha1/zz_generated.deepcopy.go:302.69,304.2 1 0
github.com/alatticeio/lattice/api/v1alpha1/zz_generated.deepcopy.go:307.62,308.15 1 0
github.com/alatticeio/lattice/api/v1alpha1/zz_generated.deepcopy.go:308.15,310.3 1 0
github.com/alatticeio/lattice/api/v1alpha1/zz_generated.deepcopy.go:311.2,313.12 3 0
github.com/alatticeio/lattice/api/v1alpha1/zz_generated.deepcopy.go:317.73,319.29 2 0
github.com/alatticeio/lattice/api/v1alpha1/zz_generated.deepcopy.go:319.29,322.3 2 0
github.com/alatticeio/lattice/api/v1alpha1/zz_generated.deepcopy.go:323.2,323.26 1 0
github.com/alatticeio/lattice/api/v1alpha1/zz_generated.deepcopy.go:323.26,326.22 3 0
github.com/alatticeio/lattice/api/v1alpha1/zz_generated.deepcopy.go:326.22,328.4 1 0
github.com/alatticeio/lattice/api/v1alpha1/zz_generated.deepcopy.go:333.66,334.15 1 0
github.com/alatticeio/lattice/api/v1alpha1/zz_generated.deepcopy.go:334.15,336.3 1 0
github.com/alatticeio/lattice/api/v1alpha1/zz_generated.deepcopy.go:337.2,339.12 3 0
github.com/alatticeio/lattice/api/v1alpha1/zz_generated.deepcopy.go:343.63,348.2 4 0
github.com/alatticeio/lattice/api/v1alpha1/zz_generated.deepcopy.go:351.56,352.15 1 0
github.com/alatticeio/lattice/api/v1alpha1/zz_generated.deepcopy.go:352.15,354.3 1 0
github.com/alatticeio/lattice/api/v1alpha1/zz_generated.deepcopy.go:355.2,357.12 3 0
github.com/alatticeio/lattice/api/v1alpha1/zz_generated.deepcopy.go:361.60,362.34 1 0
github.com/alatticeio/lattice/api/v1alpha1/zz_generated.deepcopy.go:362.34,364.3 1 0
github.com/alatticeio/lattice/api/v1alpha1/zz_generated.deepcopy.go:365.2,365.12 1 0
github.com/alatticeio/lattice/api/v1alpha1/zz_generated.deepcopy.go:369.71,373.21 4 0
github.com/alatticeio/lattice/api/v1alpha1/zz_generated.deepcopy.go:373.21,376.22 3 0
github.com/alatticeio/lattice/api/v1alpha1/zz_generated.deepcopy.go:376.22,378.4 1 0
github.com/alatticeio/lattice/api/v1alpha1/zz_generated.deepcopy.go:383.64,384.15 1 0
github.com/alatticeio/lattice/api/v1alpha1/zz_generated.deepcopy.go:384.15,386.3 1 0
github.com/alatticeio/lattice/api/v1alpha1/zz_generated.deepcopy.go:387.2,389.12 3 0
github.com/alatticeio/lattice/api/v1alpha1/zz_generated.deepcopy.go:393.64,394.34 1 0
github.com/alatticeio/lattice/api/v1alpha1/zz_generated.deepcopy.go:394.34,396.3 1 0
github.com/alatticeio/lattice/api/v1alpha1/zz_generated.deepcopy.go:397.2,397.12 1 0
github.com/alatticeio/lattice/api/v1alpha1/zz_generated.deepcopy.go:401.71,403.2 1 0
github.com/alatticeio/lattice/api/v1alpha1/zz_generated.deepcopy.go:406.64,407.15 1 0
github.com/alatticeio/lattice/api/v1alpha1/zz_generated.deepcopy.go:407.15,409.3 1 0
github.com/alatticeio/lattice/api/v1alpha1/zz_generated.deepcopy.go:410.2,412.12 3 0
github.com/alatticeio/lattice/api/v1alpha1/zz_generated.deepcopy.go:416.77,422.2 5 0
github.com/alatticeio/lattice/api/v1alpha1/zz_generated.deepcopy.go:425.70,426.15 1 0
github.com/alatticeio/lattice/api/v1alpha1/zz_generated.deepcopy.go:426.15,428.3 1 0
github.com/alatticeio/lattice/api/v1alpha1/zz_generated.deepcopy.go:429.2,431.12 3 0
github.com/alatticeio/lattice/api/v1alpha1/zz_generated.deepcopy.go:435.67,436.34 1 0
github.com/alatticeio/lattice/api/v1alpha1/zz_generated.deepcopy.go:436.34,438.3 1 0
github.com/alatticeio/lattice/api/v1alpha1/zz_generated.deepcopy.go:439.2,439.12 1 0
github.com/alatticeio/lattice/api/v1alpha1/zz_generated.deepcopy.go:443.85,447.21 4 0
github.com/alatticeio/lattice/api/v1alpha1/zz_generated.deepcopy.go:447.21,450.22 3 0
github.com/alatticeio/lattice/api/v1alpha1/zz_generated.deepcopy.go:450.22,452.4 1 0
github.com/alatticeio/lattice/api/v1alpha1/zz_generated.deepcopy.go:457.78,458.15 1 0
github.com/alatticeio/lattice/api/v1alpha1/zz_generated.deepcopy.go:458.15,460.3 1 0
github.com/alatticeio/lattice/api/v1alpha1/zz_generated.deepcopy.go:461.2,463.12 3 0
github.com/alatticeio/lattice/api/v1alpha1/zz_generated.deepcopy.go:467.71,468.34 1 0
github.com/alatticeio/lattice/api/v1alpha1/zz_generated.deepcopy.go:468.34,470.3 1 0
github.com/alatticeio/lattice/api/v1alpha1/zz_generated.deepcopy.go:471.2,471.12 1 0
github.com/alatticeio/lattice/api/v1alpha1/zz_generated.deepcopy.go:475.85,478.26 3 0
github.com/alatticeio/lattice/api/v1alpha1/zz_generated.deepcopy.go:478.26,482.3 3 0
github.com/alatticeio/lattice/api/v1alpha1/zz_generated.deepcopy.go:486.78,487.15 1 0
github.com/alatticeio/lattice/api/v1alpha1/zz_generated.deepcopy.go:487.15,489.3 1 0
github.com/alatticeio/lattice/api/v1alpha1/zz_generated.deepcopy.go:490.2,492.12 3 0
github.com/alatticeio/lattice/api/v1alpha1/zz_generated.deepcopy.go:496.89,498.26 2 0
github.com/alatticeio/lattice/api/v1alpha1/zz_generated.deepcopy.go:498.26,502.3 3 0
github.com/alatticeio/lattice/api/v1alpha1/zz_generated.deepcopy.go:506.82,507.15 1 0
github.com/alatticeio/lattice/api/v1alpha1/zz_generated.deepcopy.go:507.15,509.3 1 0
github.com/alatticeio/lattice/api/v1alpha1/zz_generated.deepcopy.go:510.2,512.12 3 0
github.com/alatticeio/lattice/api/v1alpha1/zz_generated.deepcopy.go:516.71,522.2 5 0
github.com/alatticeio/lattice/api/v1alpha1/zz_generated.deepcopy.go:525.64,526.15 1 0
github.com/alatticeio/lattice/api/v1alpha1/zz_generated.deepcopy.go:526.15,528.3 1 0
github.com/alatticeio/lattice/api/v1alpha1/zz_generated.deepcopy.go:529.2,531.12 3 0
github.com/alatticeio/lattice/api/v1alpha1/zz_generated.deepcopy.go:535.64,536.34 1 0
github.com/alatticeio/lattice/api/v1alpha1/zz_generated.deepcopy.go:536.34,538.3 1 0
github.com/alatticeio/lattice/api/v1alpha1/zz_generated.deepcopy.go:539.2,539.12 1 0
github.com/alatticeio/lattice/api/v1alpha1/zz_generated.deepcopy.go:543.79,547.21 4 0
github.com/alatticeio/lattice/api/v1alpha1/zz_generated.deepcopy.go:547.21,550.22 3 0
github.com/alatticeio/lattice/api/v1alpha1/zz_generated.deepcopy.go:550.22,552.4 1 0
github.com/alatticeio/lattice/api/v1alpha1/zz_generated.deepcopy.go:557.72,558.15 1 0
github.com/alatticeio/lattice/api/v1alpha1/zz_generated.deepcopy.go:558.15,560.3 1 0
github.com/alatticeio/lattice/api/v1alpha1/zz_generated.deepcopy.go:561.2,563.12 3 0
github.com/alatticeio/lattice/api/v1alpha1/zz_generated.deepcopy.go:567.68,568.34 1 0
github.com/alatticeio/lattice/api/v1alpha1/zz_generated.deepcopy.go:568.34,570.3 1 0
github.com/alatticeio/lattice/api/v1alpha1/zz_generated.deepcopy.go:571.2,571.12 1 0
github.com/alatticeio/lattice/api/v1alpha1/zz_generated.deepcopy.go:575.79,577.2 1 0
github.com/alatticeio/lattice/api/v1alpha1/zz_generated.deepcopy.go:580.72,581.15 1 0
github.com/alatticeio/lattice/api/v1alpha1/zz_generated.deepcopy.go:581.15,583.3 1 0
github.com/alatticeio/lattice/api/v1alpha1/zz_generated.deepcopy.go:584.2,586.12 3 0
github.com/alatticeio/lattice/api/v1alpha1/zz_generated.deepcopy.go:590.83,592.26 2 0
github.com/alatticeio/lattice/api/v1alpha1/zz_generated.deepcopy.go:592.26,595.22 3 0
github.com/alatticeio/lattice/api/v1alpha1/zz_generated.deepcopy.go:595.22,597.4 1 0
github.com/alatticeio/lattice/api/v1alpha1/zz_generated.deepcopy.go:602.76,603.15 1 0
github.com/alatticeio/lattice/api/v1alpha1/zz_generated.deepcopy.go:603.15,605.3 1 0
github.com/alatticeio/lattice/api/v1alpha1/zz_generated.deepcopy.go:606.2,608.12 3 0
github.com/alatticeio/lattice/api/v1alpha1/zz_generated.deepcopy.go:612.67,618.2 5 0
github.com/alatticeio/lattice/api/v1alpha1/zz_generated.deepcopy.go:621.60,622.15 1 0
github.com/alatticeio/lattice/api/v1alpha1/zz_generated.deepcopy.go:622.15,624.3 1 0
github.com/alatticeio/lattice/api/v1alpha1/zz_generated.deepcopy.go:625.2,627.12 3 0
github.com/alatticeio/lattice/api/v1alpha1/zz_generated.deepcopy.go:631.62,632.34 1 0
github.com/alatticeio/lattice/api/v1alpha1/zz_generated.deepcopy.go:632.34,634.3 1 0
github.com/alatticeio/lattice/api/v1alpha1/zz_generated.deepcopy.go:635.2,635.12 1 0
github.com/alatticeio/lattice/api/v1alpha1/zz_generated.deepcopy.go:639.75,643.2 3 0
github.com/alatticeio/lattice/api/v1alpha1/zz_generated.deepcopy.go:646.68,647.15 1 0
github.com/alatticeio/lattice/api/v1alpha1/zz_generated.deepcopy.go:647.15,649.3 1 0
github.com/alatticeio/lattice/api/v1alpha1/zz_generated.deepcopy.go:650.2,652.12 3 0
github.com/alatticeio/lattice/api/v1alpha1/zz_generated.deepcopy.go:656.66,657.34 1 0
github.com/alatticeio/lattice/api/v1alpha1/zz_generated.deepcopy.go:657.34,659.3 1 0
github.com/alatticeio/lattice/api/v1alpha1/zz_generated.deepcopy.go:660.2,660.12 1 0
github.com/alatticeio/lattice/api/v1alpha1/zz_generated.deepcopy.go:664.75,666.26 2 0
github.com/alatticeio/lattice/api/v1alpha1/zz_generated.deepcopy.go:666.26,669.29 3 0
github.com/alatticeio/lattice/api/v1alpha1/zz_generated.deepcopy.go:669.29,671.4 1 0
github.com/alatticeio/lattice/api/v1alpha1/zz_generated.deepcopy.go:673.2,673.43 1 0
github.com/alatticeio/lattice/api/v1alpha1/zz_generated.deepcopy.go:677.68,678.15 1 0
github.com/alatticeio/lattice/api/v1alpha1/zz_generated.deepcopy.go:678.15,680.3 1 0
github.com/alatticeio/lattice/api/v1alpha1/zz_generated.deepcopy.go:681.2,683.12 3 0
github.com/alatticeio/lattice/api/v1alpha1/zz_generated.deepcopy.go:687.79,689.25 2 0
github.com/alatticeio/lattice/api/v1alpha1/zz_generated.deepcopy.go:689.25,693.3 3 0
github.com/alatticeio/lattice/api/v1alpha1/zz_generated.deepcopy.go:694.2,694.43 1 0
github.com/alatticeio/lattice/api/v1alpha1/zz_generated.deepcopy.go:698.72,699.15 1 0
github.com/alatticeio/lattice/api/v1alpha1/zz_generated.deepcopy.go:699.15,701.3 1 0
github.com/alatticeio/lattice/api/v1alpha1/zz_generated.deepcopy.go:702.2,704.12 3 0
github.com/alatticeio/lattice/api/v1alpha1/zz_generated.deepcopy.go:708.61,714.2 5 0
github.com/alatticeio/lattice/api/v1alpha1/zz_generated.deepcopy.go:717.54,718.15 1 0
github.com/alatticeio/lattice/api/v1alpha1/zz_generated.deepcopy.go:718.15,720.3 1 0
github.com/alatticeio/lattice/api/v1alpha1/zz_generated.deepcopy.go:721.2,723.12 3 0
github.com/alatticeio/lattice/api/v1alpha1/zz_generated.deepcopy.go:727.59,728.34 1 0
github.com/alatticeio/lattice/api/v1alpha1/zz_generated.deepcopy.go:728.34,730.3 1 0
github.com/alatticeio/lattice/api/v1alpha1/zz_generated.deepcopy.go:731.2,731.12 1 0
github.com/alatticeio/lattice/api/v1alpha1/zz_generated.deepcopy.go:735.69,739.21 4 0
github.com/alatticeio/lattice/api/v1alpha1/zz_generated.deepcopy.go:739.21,742.22 3 0
github.com/alatticeio/lattice/api/v1alpha1/zz_generated.deepcopy.go:742.22,744.4 1 0
github.com/alatticeio/lattice/api/v1alpha1/zz_generated.deepcopy.go:749.62,750.15 1 0
github.com/alatticeio/lattice/api/v1alpha1/zz_generated.deepcopy.go:750.15,752.3 1 0
github.com/alatticeio/lattice/api/v1alpha1/zz_generated.deepcopy.go:753.2,755.12 3 0
github.com/alatticeio/lattice/api/v1alpha1/zz_generated.deepcopy.go:759.63,760.34 1 0
github.com/alatticeio/lattice/api/v1alpha1/zz_generated.deepcopy.go:760.34,762.3 1 0
github.com/alatticeio/lattice/api/v1alpha1/zz_generated.deepcopy.go:763.2,763.12 1 0
github.com/alatticeio/lattice/api/v1alpha1/zz_generated.deepcopy.go:767.75,773.2 5 0
github.com/alatticeio/lattice/api/v1alpha1/zz_generated.deepcopy.go:776.68,777.15 1 0
github.com/alatticeio/lattice/api/v1alpha1/zz_generated.deepcopy.go:777.15,779.3 1 0
github.com/alatticeio/lattice/api/v1alpha1/zz_generated.deepcopy.go:780.2,782.12 3 0
github.com/alatticeio/lattice/api/v1alpha1/zz_generated.deepcopy.go:786.66,787.34 1 0
github.com/alatticeio/lattice/api/v1alpha1/zz_generated.deepcopy.go:787.34,789.3 1 0
github.com/alatticeio/lattice/api/v1alpha1/zz_generated.deepcopy.go:790.2,790.12 1 0
github.com/alatticeio/lattice/api/v1alpha1/zz_generated.deepcopy.go:794.83,798.21 4 0
github.com/alatticeio/lattice/api/v1alpha1/zz_generated.deepcopy.go:798.21,801.22 3 0
github.com/alatticeio/lattice/api/v1alpha1/zz_generated.deepcopy.go:801.22,803.4 1 0
github.com/alatticeio/lattice/api/v1alpha1/zz_generated.deepcopy.go:808.76,809.15 1 0
github.com/alatticeio/lattice/api/v1alpha1/zz_generated.deepcopy.go:809.15,811.3 1 0
github.com/alatticeio/lattice/api/v1alpha1/zz_generated.deepcopy.go:812.2,814.12 3 0
github.com/alatticeio/lattice/api/v1alpha1/zz_generated.deepcopy.go:818.70,819.34 1 0
github.com/alatticeio/lattice/api/v1alpha1/zz_generated.deepcopy.go:819.34,821.3 1 0
github.com/alatticeio/lattice/api/v1alpha1/zz_generated.deepcopy.go:822.2,822.12 1 0
github.com/alatticeio/lattice/api/v1alpha1/zz_generated.deepcopy.go:826.83,828.2 1 0
github.com/alatticeio/lattice/api/v1alpha1/zz_generated.deepcopy.go:831.76,832.15 1 0
github.com/alatticeio/lattice/api/v1alpha1/zz_generated.deepcopy.go:832.15,834.3 1 0
github.com/alatticeio/lattice/api/v1alpha1/zz_generated.deepcopy.go:835.2,837.12 3 0
github.com/alatticeio/lattice/api/v1alpha1/zz_generated.deepcopy.go:841.87,843.26 2 0
github.com/alatticeio/lattice/api/v1alpha1/zz_generated.deepcopy.go:843.26,846.22 3 0
github.com/alatticeio/lattice/api/v1alpha1/zz_generated.deepcopy.go:846.22,848.4 1 0
github.com/alatticeio/lattice/api/v1alpha1/zz_generated.deepcopy.go:853.80,854.15 1 0
github.com/alatticeio/lattice/api/v1alpha1/zz_generated.deepcopy.go:854.15,856.3 1 0
github.com/alatticeio/lattice/api/v1alpha1/zz_generated.deepcopy.go:857.2,859.12 3 0
github.com/alatticeio/lattice/api/v1alpha1/zz_generated.deepcopy.go:863.69,866.28 3 0
github.com/alatticeio/lattice/api/v1alpha1/zz_generated.deepcopy.go:866.28,869.29 3 0
github.com/alatticeio/lattice/api/v1alpha1/zz_generated.deepcopy.go:869.29,871.4 1 0
github.com/alatticeio/lattice/api/v1alpha1/zz_generated.deepcopy.go:873.2,873.24 1 0
github.com/alatticeio/lattice/api/v1alpha1/zz_generated.deepcopy.go:873.24,877.3 3 0
github.com/alatticeio/lattice/api/v1alpha1/zz_generated.deepcopy.go:881.62,882.15 1 0
github.com/alatticeio/lattice/api/v1alpha1/zz_generated.deepcopy.go:882.15,884.3 1 0
github.com/alatticeio/lattice/api/v1alpha1/zz_generated.deepcopy.go:885.2,887.12 3 0
github.com/alatticeio/lattice/api/v1alpha1/zz_generated.deepcopy.go:891.73,893.26 2 0
github.com/alatticeio/lattice/api/v1alpha1/zz_generated.deepcopy.go:893.26,896.22 3 0
github.com/alatticeio/lattice/api/v1alpha1/zz_generated.deepcopy.go:896.22,898.4 1 0
github.com/alatticeio/lattice/api/v1alpha1/zz_generated.deepcopy.go:903.66,904.15 1 0
github.com/alatticeio/lattice/api/v1alpha1/zz_generated.deepcopy.go:904.15,906.3 1 0
github.com/alatticeio/lattice/api/v1alpha1/zz_generated.deepcopy.go:907.2,909.12 3 0
github.com/alatticeio/lattice/api/v1alpha1/zz_generated.deepcopy.go:913.55,919.2 5 0
github.com/alatticeio/lattice/api/v1alpha1/zz_generated.deepcopy.go:922.48,923.15 1 0
github.com/alatticeio/lattice/api/v1alpha1/zz_generated.deepcopy.go:923.15,925.3 1 0
github.com/alatticeio/lattice/api/v1alpha1/zz_generated.deepcopy.go:926.2,928.12 3 0
github.com/alatticeio/lattice/api/v1alpha1/zz_generated.deepcopy.go:932.56,933.34 1 0
github.com/alatticeio/lattice/api/v1alpha1/zz_generated.deepcopy.go:933.34,935.3 1 0
github.com/alatticeio/lattice/api/v1alpha1/zz_generated.deepcopy.go:936.2,936.12 1 0
github.com/alatticeio/lattice/api/v1alpha1/zz_generated.deepcopy.go:940.63,944.21 4 0
github.com/alatticeio/lattice/api/v1alpha1/zz_generated.deepcopy.go:944.21,947.22 3 0
github.com/alatticeio/lattice/api/v1alpha1/zz_generated.deepcopy.go:947.22,949.4 1 0
github.com/alatticeio/lattice/api/v1alpha1/zz_generated.deepcopy.go:954.56,955.15 1 0
github.com/alatticeio/lattice/api/v1alpha1/zz_generated.deepcopy.go:955.15,957.3 1 0
github.com/alatticeio/lattice/api/v1alpha1/zz_generated.deepcopy.go:958.2,960.12 3 0
github.com/alatticeio/lattice/api/v1alpha1/zz_generated.deepcopy.go:964.60,965.34 1 0
github.com/alatticeio/lattice/api/v1alpha1/zz_generated.deepcopy.go:965.34,967.3 1 0
github.com/alatticeio/lattice/api/v1alpha1/zz_generated.deepcopy.go:968.2,968.12 1 0
github.com/alatticeio/lattice/api/v1alpha1/zz_generated.deepcopy.go:972.63,974.26 2 0
github.com/alatticeio/lattice/api/v1alpha1/zz_generated.deepcopy.go:974.26,978.3 3 0
github.com/alatticeio/lattice/api/v1alpha1/zz_generated.deepcopy.go:979.2,979.26 1 0
github.com/alatticeio/lattice/api/v1alpha1/zz_generated.deepcopy.go:979.26,983.3 3 0
github.com/alatticeio/lattice/api/v1alpha1/zz_generated.deepcopy.go:984.2,984.23 1 0
github.com/alatticeio/lattice/api/v1alpha1/zz_generated.deepcopy.go:984.23,988.3 3 0
github.com/alatticeio/lattice/api/v1alpha1/zz_generated.deepcopy.go:989.2,989.31 1 0
github.com/alatticeio/lattice/api/v1alpha1/zz_generated.deepcopy.go:989.31,993.3 3 0
github.com/alatticeio/lattice/api/v1alpha1/zz_generated.deepcopy.go:997.56,998.15 1 0
github.com/alatticeio/lattice/api/v1alpha1/zz_generated.deepcopy.go:998.15,1000.3 1 0
github.com/alatticeio/lattice/api/v1alpha1/zz_generated.deepcopy.go:1001.2,1003.12 3 0
github.com/alatticeio/lattice/api/v1alpha1/zz_generated.deepcopy.go:1007.67,1009.26 2 0
github.com/alatticeio/lattice/api/v1alpha1/zz_generated.deepcopy.go:1009.26,1012.22 3 0
github.com/alatticeio/lattice/api/v1alpha1/zz_generated.deepcopy.go:1012.22,1014.4 1 0
github.com/alatticeio/lattice/api/v1alpha1/zz_generated.deepcopy.go:1016.2,1016.29 1 0
github.com/alatticeio/lattice/api/v1alpha1/zz_generated.deepcopy.go:1016.29,1020.3 3 0
github.com/alatticeio/lattice/api/v1alpha1/zz_generated.deepcopy.go:1021.2,1021.37 1 0
github.com/alatticeio/lattice/api/v1alpha1/zz_generated.deepcopy.go:1021.37,1025.3 3 0
github.com/alatticeio/lattice/api/v1alpha1/zz_generated.deepcopy.go:1026.2,1026.32 1 0
github.com/alatticeio/lattice/api/v1alpha1/zz_generated.deepcopy.go:1026.32,1030.3 3 0
github.com/alatticeio/lattice/api/v1alpha1/zz_generated.deepcopy.go:1031.2,1032.28 2 0
github.com/alatticeio/lattice/api/v1alpha1/zz_generated.deepcopy.go:1032.28,1035.3 2 0
github.com/alatticeio/lattice/api/v1alpha1/zz_generated.deepcopy.go:1039.60,1040.15 1 0
github.com/alatticeio/lattice/api/v1alpha1/zz_generated.deepcopy.go:1040.15,1042.3 1 0
github.com/alatticeio/lattice/api/v1alpha1/zz_generated.deepcopy.go:1043.2,1045.12 3 0
github.com/alatticeio/lattice/api/v1alpha1/zz_generated.deepcopy.go:1049.59,1055.2 5 0
github.com/alatticeio/lattice/api/v1alpha1/zz_generated.deepcopy.go:1058.52,1059.15 1 0
github.com/alatticeio/lattice/api/v1alpha1/zz_generated.deepcopy.go:1059.15,1061.3 1 0
github.com/alatticeio/lattice/api/v1alpha1/zz_generated.deepcopy.go:1062.2,1064.12 3 0
github.com/alatticeio/lattice/api/v1alpha1/zz_generated.deepcopy.go:1068.58,1069.34 1 0
github.com/alatticeio/lattice/api/v1alpha1/zz_generated.deepcopy.go:1069.34,1071.3 1 0
github.com/alatticeio/lattice/api/v1alpha1/zz_generated.deepcopy.go:1072.2,1072.12 1 0
github.com/alatticeio/lattice/api/v1alpha1/zz_generated.deepcopy.go:1076.67,1080.21 4 0
github.com/alatticeio/lattice/api/v1alpha1/zz_generated.deepcopy.go:1080.21,1083.22 3 0
github.com/alatticeio/lattice/api/v1alpha1/zz_generated.deepcopy.go:1083.22,1085.4 1 0
github.com/alatticeio/lattice/api/v1alpha1/zz_generated.deepcopy.go:1090.60,1091.15 1 0
github.com/alatticeio/lattice/api/v1alpha1/zz_generated.deepcopy.go:1091.15,1093.3 1 0
github.com/alatticeio/lattice/api/v1alpha1/zz_generated.deepcopy.go:1094.2,1096.12 3 0
github.com/alatticeio/lattice/api/v1alpha1/zz_generated.deepcopy.go:1100.62,1101.34 1 0
github.com/alatticeio/lattice/api/v1alpha1/zz_generated.deepcopy.go:1101.34,1103.3 1 0
github.com/alatticeio/lattice/api/v1alpha1/zz_generated.deepcopy.go:1104.2,1104.12 1 0
github.com/alatticeio/lattice/api/v1alpha1/zz_generated.deepcopy.go:1108.67,1111.23 3 0
github.com/alatticeio/lattice/api/v1alpha1/zz_generated.deepcopy.go:1111.23,1114.22 3 0
github.com/alatticeio/lattice/api/v1alpha1/zz_generated.deepcopy.go:1114.22,1116.4 1 0
github.com/alatticeio/lattice/api/v1alpha1/zz_generated.deepcopy.go:1118.2,1118.22 1 0
github.com/alatticeio/lattice/api/v1alpha1/zz_generated.deepcopy.go:1118.22,1121.22 3 0
github.com/alatticeio/lattice/api/v1alpha1/zz_generated.deepcopy.go:1121.22,1123.4 1 0
github.com/alatticeio/lattice/api/v1alpha1/zz_generated.deepcopy.go:1128.60,1129.15 1 0
github.com/alatticeio/lattice/api/v1alpha1/zz_generated.deepcopy.go:1129.15,1131.3 1 0
github.com/alatticeio/lattice/api/v1alpha1/zz_generated.deepcopy.go:1132.2,1134.12 3 0
github.com/alatticeio/lattice/api/v1alpha1/zz_generated.deepcopy.go:1138.79,1143.2 4 0
github.com/alatticeio/lattice/api/v1alpha1/zz_generated.deepcopy.go:1146.72,1147.15 1 0
github.com/alatticeio/lattice/api/v1alpha1/zz_generated.deepcopy.go:1147.15,1149.3 1 0
github.com/alatticeio/lattice/api/v1alpha1/zz_generated.deepcopy.go:1150.2,1152.12 3 0
github.com/alatticeio/lattice/api/v1alpha1/zz_generated.deepcopy.go:1156.68,1157.34 1 0
github.com/alatticeio/lattice/api/v1alpha1/zz_generated.deepcopy.go:1157.34,1159.3 1 0
github.com/alatticeio/lattice/api/v1alpha1/zz_generated.deepcopy.go:1160.2,1160.12 1 0
github.com/alatticeio/lattice/api/v1alpha1/zz_generated.deepcopy.go:1164.87,1168.21 4 0
github.com/alatticeio/lattice/api/v1alpha1/zz_generated.deepcopy.go:1168.21,1171.22 3 0
github.com/alatticeio/lattice/api/v1alpha1/zz_generated.deepcopy.go:1171.22,1173.4 1 0
github.com/alatticeio/lattice/api/v1alpha1/zz_generated.deepcopy.go:1178.80,1179.15 1 0
github.com/alatticeio/lattice/api/v1alpha1/zz_generated.deepcopy.go:1179.15,1181.3 1 0
github.com/alatticeio/lattice/api/v1alpha1/zz_generated.deepcopy.go:1182.2,1184.12 3 0
github.com/alatticeio/lattice/api/v1alpha1/zz_generated.deepcopy.go:1188.72,1189.34 1 0
github.com/alatticeio/lattice/api/v1alpha1/zz_generated.deepcopy.go:1189.34,1191.3 1 0
github.com/alatticeio/lattice/api/v1alpha1/zz_generated.deepcopy.go:1192.2,1192.12 1 0
github.com/alatticeio/lattice/api/v1alpha1/zz_generated.deepcopy.go:1196.87,1198.2 1 0
github.com/alatticeio/lattice/api/v1alpha1/zz_generated.deepcopy.go:1201.80,1202.15 1 0
github.com/alatticeio/lattice/api/v1alpha1/zz_generated.deepcopy.go:1202.15,1204.3 1 0
github.com/alatticeio/lattice/api/v1alpha1/zz_generated.deepcopy.go:1205.2,1207.12 3 0
github.com/alatticeio/lattice/api/v1alpha1/zz_generated.deepcopy.go:1211.67,1213.2 1 0
github.com/alatticeio/lattice/api/v1alpha1/zz_generated.deepcopy.go:1216.60,1217.15 1 0
github.com/alatticeio/lattice/api/v1alpha1/zz_generated.deepcopy.go:1217.15,1219.3 1 0
github.com/alatticeio/lattice/api/v1alpha1/zz_generated.deepcopy.go:1220.2,1222.12 3 0
github.com/alatticeio/lattice/api/v1alpha1/zz_generated.deepcopy.go:1226.71,1228.2 1 0
github.com/alatticeio/lattice/api/v1alpha1/zz_generated.deepcopy.go:1231.64,1232.15 1 0
github.com/alatticeio/lattice/api/v1alpha1/zz_generated.deepcopy.go:1232.15,1234.3 1 0
github.com/alatticeio/lattice/api/v1alpha1/zz_generated.deepcopy.go:1235.2,1237.12 3 0
github.com/alatticeio/lattice/api/v1alpha1/zz_generated.deepcopy.go:1241.59,1243.28 2 0
github.com/alatticeio/lattice/api/v1alpha1/zz_generated.deepcopy.go:1243.28,1247.3 3 0
github.com/alatticeio/lattice/api/v1alpha1/zz_generated.deepcopy.go:1248.2,1248.23 1 0
github.com/alatticeio/lattice/api/v1alpha1/zz_generated.deepcopy.go:1248.23,1252.3 3 0
github.com/alatticeio/lattice/api/v1alpha1/zz_generated.deepcopy.go:1256.52,1257.15 1 0
github.com/alatticeio/lattice/api/v1alpha1/zz_generated.deepcopy.go:1257.15,1259.3 1 0
github.com/alatticeio/lattice/api/v1alpha1/zz_generated.deepcopy.go:1260.2,1262.12 3 0
github.com/alatticeio/lattice/cmd/lattice/cmd/workspace/workspace.go:26.43,41.2 3 0
github.com/alatticeio/lattice/cmd/lattice/cmd/workspace/workspace.go:43.39,45.2 1 0
github.com/alatticeio/lattice/cmd/lattice/cmd/workspace/workspace.go:48.39,64.53 2 0
github.com/alatticeio/lattice/cmd/lattice/cmd/workspace/workspace.go:64.53,66.18 2 0
github.com/alatticeio/lattice/cmd/lattice/cmd/workspace/workspace.go:66.18,68.5 1 0
github.com/alatticeio/lattice/cmd/lattice/cmd/workspace/workspace.go:69.4,69.63 1 0
github.com/alatticeio/lattice/cmd/lattice/cmd/workspace/workspace.go:72.2,74.10 3 0
github.com/alatticeio/lattice/cmd/lattice/cmd/workspace/workspace.go:78.42,85.53 1 0
github.com/alatticeio/lattice/cmd/lattice/cmd/workspace/workspace.go:85.53,87.18 2 0
github.com/alatticeio/lattice/cmd/lattice/cmd/workspace/workspace.go:87.18,89.5 1 0
github.com/alatticeio/lattice/cmd/lattice/cmd/workspace/workspace.go:90.4,90.42 1 0
github.com/alatticeio/lattice/cmd/lattice/cmd/workspace/workspace.go:96.40,101.53 1 0
github.com/alatticeio/lattice/cmd/lattice/cmd/workspace/workspace.go:101.53,103.18 2 0
github.com/alatticeio/lattice/cmd/lattice/cmd/workspace/workspace.go:103.18,105.5 1 0
github.com/alatticeio/lattice/cmd/lattice/cmd/workspace/workspace.go:106.4,106.34 1 0
github.com/alatticeio/lattice/cmd/lattice/main.go:21.13,23.2 1 0
github.com/alatticeio/lattice/cmd/lattice/cmd/init.go:27.31,35.55 1 0
github.com/alatticeio/lattice/cmd/lattice/cmd/init.go:35.55,37.4 1 0
github.com/alatticeio/lattice/cmd/lattice/cmd/init.go:41.40,46.44 3 0
github.com/alatticeio/lattice/cmd/lattice/cmd/init.go:46.44,51.38 5 0
github.com/alatticeio/lattice/cmd/lattice/cmd/init.go:51.38,54.4 2 0
github.com/alatticeio/lattice/cmd/lattice/cmd/init.go:57.2,72.20 10 0
github.com/alatticeio/lattice/cmd/lattice/cmd/init.go:72.20,74.3 1 0
github.com/alatticeio/lattice/cmd/lattice/cmd/init.go:75.2,75.24 1 0
github.com/alatticeio/lattice/cmd/lattice/cmd/init.go:75.24,77.3 1 0
github.com/alatticeio/lattice/cmd/lattice/cmd/init.go:79.2,79.42 1 0
github.com/alatticeio/lattice/cmd/lattice/cmd/init.go:79.42,81.3 1 0
github.com/alatticeio/lattice/cmd/lattice/cmd/init.go:83.2,85.12 3 0
github.com/alatticeio/lattice/cmd/lattice/cmd/init.go:89.70,90.22 1 0
github.com/alatticeio/lattice/cmd/lattice/cmd/init.go:90.22,92.3 1 0
github.com/alatticeio/lattice/cmd/lattice/cmd/init.go:92.8,94.3 1 0
github.com/alatticeio/lattice/cmd/lattice/cmd/init.go:95.2,97.15 3 0
github.com/alatticeio/lattice/cmd/lattice/cmd/init.go:97.15,99.3 1 0
github.com/alatticeio/lattice/cmd/lattice/cmd/init.go:100.2,100.12 1 0
github.com/alatticeio/lattice/cmd/lattice/cmd/init.go:104.66,108.2 3 0
github.com/alatticeio/lattice/cmd/lattice/cmd/root.go:44.67,46.3 1 0
github.com/alatticeio/lattice/cmd/lattice/cmd/root.go:47.47,49.16 2 0
github.com/alatticeio/lattice/cmd/lattice/cmd/root.go:49.16,51.18 2 0
github.com/alatticeio/lattice/cmd/lattice/cmd/root.go:51.18,53.5 1 0
github.com/alatticeio/lattice/cmd/lattice/cmd/root.go:54.4,54.10 1 0
github.com/alatticeio/lattice/cmd/lattice/cmd/root.go:57.3,58.17 2 0
github.com/alatticeio/lattice/cmd/lattice/cmd/root.go:58.17,60.4 1 0
github.com/alatticeio/lattice/cmd/lattice/cmd/root.go:65.16,67.16 2 0
github.com/alatticeio/lattice/cmd/lattice/cmd/root.go:67.16,70.3 2 0
github.com/alatticeio/lattice/cmd/lattice/cmd/root.go:73.13,88.2 13 0
github.com/alatticeio/lattice/cmd/lattice/cmd/status.go:24.33,49.55 1 0
github.com/alatticeio/lattice/cmd/lattice/cmd/status.go:49.55,51.4 1 0
github.com/alatticeio/lattice/cmd/lattice/cmd/up.go:33.29,53.55 1 0
github.com/alatticeio/lattice/cmd/lattice/cmd/up.go:53.55,59.71 3 0
github.com/alatticeio/lattice/cmd/lattice/cmd/up.go:59.71,61.5 1 0
github.com/alatticeio/lattice/cmd/lattice/cmd/up.go:64.4,64.31 1 0
github.com/alatticeio/lattice/cmd/lattice/cmd/up.go:64.31,68.19 3 0
github.com/alatticeio/lattice/cmd/lattice/cmd/up.go:68.19,70.6 1 0
github.com/alatticeio/lattice/cmd/lattice/cmd/up.go:71.5,76.59 4 0
github.com/alatticeio/lattice/cmd/lattice/cmd/up.go:76.59,78.6 1 0
github.com/alatticeio/lattice/cmd/lattice/cmd/up.go:79.5,79.60 1 0
github.com/alatticeio/lattice/cmd/lattice/cmd/up.go:83.4,84.12 2 0
github.com/alatticeio/lattice/cmd/lattice/cmd/up.go:84.12,85.45 1 0
github.com/alatticeio/lattice/cmd/lattice/cmd/up.go:85.45,87.6 1 0
github.com/alatticeio/lattice/cmd/lattice/cmd/up.go:88.5,88.65 1 0
github.com/alatticeio/lattice/cmd/lattice/cmd/up.go:95.4,95.63 1 0
github.com/alatticeio/lattice/cmd/lattice/cmd/up.go:95.63,97.5 1 0
github.com/alatticeio/lattice/cmd/lattice/cmd/up.go:98.4,98.57 1 0
github.com/alatticeio/lattice/cmd/lattice/cmd/up.go:98.57,100.5 1 0
github.com/alatticeio/lattice/cmd/lattice/cmd/up.go:102.4,102.40 1 0
github.com/alatticeio/lattice/cmd/lattice/cmd/up.go:106.2,116.12 11 0
github.com/alatticeio/lattice/cmd/lattice/cmd/version.go:23.25,25.16 2 0
github.com/alatticeio/lattice/cmd/lattice/cmd/version.go:25.16,27.3 1 0
github.com/alatticeio/lattice/cmd/lattice/cmd/version.go:29.2,30.16 2 0
github.com/alatticeio/lattice/cmd/lattice/cmd/version.go:30.16,32.3 1 0
github.com/alatticeio/lattice/cmd/lattice/cmd/version.go:33.2,33.12 1 0
github.com/alatticeio/lattice/cmd/lattice/cmd/peer/peer.go:28.38,43.2 3 0
github.com/alatticeio/lattice/cmd/lattice/cmd/peer/peer.go:45.39,47.2 1 0
github.com/alatticeio/lattice/cmd/lattice/cmd/peer/peer.go:50.35,57.53 2 0
github.com/alatticeio/lattice/cmd/lattice/cmd/peer/peer.go:57.53,58.23 1 0
github.com/alatticeio/lattice/cmd/lattice/cmd/peer/peer.go:58.23,60.5 1 0
github.com/alatticeio/lattice/cmd/lattice/cmd/peer/peer.go:61.4,62.18 2 0
github.com/alatticeio/lattice/cmd/lattice/cmd/peer/peer.go:62.18,64.5 1 0
github.com/alatticeio/lattice/cmd/lattice/cmd/peer/peer.go:65.4,65.38 1 0
github.com/alatticeio/lattice/cmd/lattice/cmd/peer/peer.go:68.2,69.10 2 0
github.com/alatticeio/lattice/cmd/lattice/cmd/peer/peer.go:73.36,89.53 2 0
github.com/alatticeio/lattice/cmd/lattice/cmd/peer/peer.go:89.53,90.23 1 0
github.com/alatticeio/lattice/cmd/lattice/cmd/peer/peer.go:90.23,92.5 1 0
github.com/alatticeio/lattice/cmd/lattice/cmd/peer/peer.go:93.4,95.32 3 0
github.com/alatticeio/lattice/cmd/lattice/cmd/peer/peer.go:95.32,97.42 2 0
github.com/alatticeio/lattice/cmd/lattice/cmd/peer/peer.go:97.42,99.6 1 0
github.com/alatticeio/lattice/cmd/lattice/cmd/peer/peer.go:100.5,100.32 1 0
github.com/alatticeio/lattice/cmd/lattice/cmd/peer/peer.go:102.4,103.18 2 0
github.com/alatticeio/lattice/cmd/lattice/cmd/peer/peer.go:103.18,105.5 1 0
github.com/alatticeio/lattice/cmd/lattice/cmd/peer/peer.go:106.4,106.56 1 0
github.com/alatticeio/lattice/cmd/lattice/cmd/peer/peer.go:109.2,110.10 2 0
github.com/alatticeio/lattice/cmd/lattice/cmd/token/token.go:26.39,35.2 3 0
github.com/alatticeio/lattice/cmd/lattice/cmd/token/token.go:37.38,54.55 2 0
github.com/alatticeio/lattice/cmd/lattice/cmd/token/token.go:54.55,59.4 2 0
github.com/alatticeio/lattice/cmd/lattice/cmd/token/token.go:62.2,67.12 5 0
github.com/alatticeio/lattice/cmd/lattice/cmd/token/token.go:70.54,72.16 2 0
github.com/alatticeio/lattice/cmd/lattice/cmd/token/token.go:72.16,74.3 1 0
github.com/alatticeio/lattice/cmd/lattice/cmd/token/token.go:75.2,75.52 1 0
github.com/alatticeio/lattice/cmd/lattice/cmd/token/token.go:79.36,90.53 2 0
github.com/alatticeio/lattice/cmd/lattice/cmd/token/token.go:90.53,92.18 2 0
github.com/alatticeio/lattice/cmd/lattice/cmd/token/token.go:92.18,94.5 1 0
github.com/alatticeio/lattice/cmd/lattice/cmd/token/token.go:95.4,95.39 1 0
github.com/alatticeio/lattice/cmd/lattice/cmd/token/token.go:98.2,99.10 2 0
github.com/alatticeio/lattice/cmd/lattice/cmd/token/token.go:103.38,111.53 2 0
github.com/alatticeio/lattice/cmd/lattice/cmd/token/token.go:111.53,113.18 2 0
github.com/alatticeio/lattice/cmd/lattice/cmd/token/token.go:113.18,115.5 1 0
github.com/alatticeio/lattice/cmd/lattice/cmd/token/token.go:116.4,116.49 1 0
github.com/alatticeio/lattice/cmd/lattice/cmd/token/token.go:119.2,121.10 3 0
github.com/alatticeio/lattice/cmd/lattice/cmd/policy/policy.go:27.40,43.2 3 0
github.com/alatticeio/lattice/cmd/lattice/cmd/policy/policy.go:45.39,47.2 1 0
github.com/alatticeio/lattice/cmd/lattice/cmd/policy/policy.go:50.36,64.53 2 0
github.com/alatticeio/lattice/cmd/lattice/cmd/policy/policy.go:64.53,65.23 1 0
github.com/alatticeio/lattice/cmd/lattice/cmd/policy/policy.go:65.23,67.5 1 0
github.com/alatticeio/lattice/cmd/lattice/cmd/policy/policy.go:68.4,69.18 2 0
github.com/alatticeio/lattice/cmd/lattice/cmd/policy/policy.go:69.18,71.5 1 0
github.com/alatticeio/lattice/cmd/lattice/cmd/policy/policy.go:72.4,72.68 1 0
github.com/alatticeio/lattice/cmd/lattice/cmd/policy/policy.go:75.2,78.10 4 0
github.com/alatticeio/lattice/cmd/lattice/cmd/policy/policy.go:82.41,92.53 2 0
github.com/alatticeio/lattice/cmd/lattice/cmd/policy/policy.go:92.53,93.23 1 0
github.com/alatticeio/lattice/cmd/lattice/cmd/policy/policy.go:93.23,95.5 1 0
github.com/alatticeio/lattice/cmd/lattice/cmd/policy/policy.go:96.4,97.18 2 0
github.com/alatticeio/lattice/cmd/lattice/cmd/policy/policy.go:97.18,99.5 1 0
github.com/alatticeio/lattice/cmd/lattice/cmd/policy/policy.go:100.4,100.37 1 0
github.com/alatticeio/lattice/cmd/lattice/cmd/policy/policy.go:103.2,104.10 2 0
github.com/alatticeio/lattice/cmd/lattice/cmd/policy/policy.go:108.39,116.53 2 0
github.com/alatticeio/lattice/cmd/lattice/cmd/policy/policy.go:116.53,117.23 1 0
github.com/alatticeio/lattice/cmd/lattice/cmd/policy/policy.go:117.23,119.5 1 0
github.com/alatticeio/lattice/cmd/lattice/cmd/policy/policy.go:120.4,121.18 2 0
github.com/alatticeio/lattice/cmd/lattice/cmd/policy/policy.go:121.18,123.5 1 0
github.com/alatticeio/lattice/cmd/lattice/cmd/policy/policy.go:124.4,124.50 1 0
github.com/alatticeio/lattice/cmd/lattice/cmd/policy/policy.go:127.2,128.10 2 0
github.com/alatticeio/lattice/cmd/lattice/cmd/policy/policy.go:132.37,139.53 2 0
github.com/alatticeio/lattice/cmd/lattice/cmd/policy/policy.go:139.53,140.23 1 0
github.com/alatticeio/lattice/cmd/lattice/cmd/policy/policy.go:140.23,142.5 1 0
github.com/alatticeio/lattice/cmd/lattice/cmd/policy/policy.go:143.4,144.18 2 0
github.com/alatticeio/lattice/cmd/lattice/cmd/policy/policy.go:144.18,146.5 1 0
github.com/alatticeio/lattice/cmd/lattice/cmd/policy/policy.go:147.4,147.41 1 0
github.com/alatticeio/lattice/cmd/lattice/cmd/policy/policy.go:150.2,151.10 2 0
github.com/alatticeio/lattice/cmd/latticed/main.go:7.13,9.2 1 0
github.com/alatticeio/lattice/cmd/latticed/cmd/root.go:33.67,35.3 1 0
github.com/alatticeio/lattice/cmd/latticed/cmd/root.go:36.54,38.16 2 0
github.com/alatticeio/lattice/cmd/latticed/cmd/root.go:38.16,41.4 2 0
github.com/alatticeio/lattice/cmd/latticed/cmd/root.go:43.3,43.77 1 0
github.com/alatticeio/lattice/cmd/latticed/cmd/root.go:43.77,45.4 1 0
github.com/alatticeio/lattice/cmd/latticed/cmd/root.go:46.3,46.42 1 0
github.com/alatticeio/lattice/cmd/latticed/cmd/root.go:51.16,53.16 2 0
github.com/alatticeio/lattice/cmd/latticed/cmd/root.go:53.16,56.3 2 0
github.com/alatticeio/lattice/cmd/latticed/cmd/root.go:59.13,67.2 6 0
github.com/alatticeio/lattice/cmd/latticed/cmd/wireflowd.go:33.46,44.20 6 0
github.com/alatticeio/lattice/cmd/latticed/cmd/wireflowd.go:44.20,47.3 2 0
github.com/alatticeio/lattice/cmd/latticed/cmd/wireflowd.go:50.2,52.16 3 0
github.com/alatticeio/lattice/cmd/latticed/cmd/wireflowd.go:52.16,54.3 1 0
github.com/alatticeio/lattice/cmd/latticed/cmd/wireflowd.go:57.2,57.20 1 0
github.com/alatticeio/lattice/cmd/latticed/cmd/wireflowd.go:57.20,60.3 2 0
github.com/alatticeio/lattice/cmd/latticed/cmd/wireflowd.go:63.2,63.20 1 0
github.com/alatticeio/lattice/cmd/latticed/cmd/wireflowd.go:63.20,64.10 1 0
github.com/alatticeio/lattice/cmd/latticed/cmd/wireflowd.go:65.20,65.20 0 0
github.com/alatticeio/lattice/cmd/latticed/cmd/wireflowd.go:66.21,67.20 1 0
github.com/alatticeio/lattice/cmd/latticed/cmd/wireflowd.go:69.3,71.31 2 0
github.com/alatticeio/lattice/cmd/latticed/cmd/wireflowd.go:71.31,73.4 1 0
github.com/alatticeio/lattice/cmd/latticed/cmd/wireflowd.go:74.3,74.33 1 0
github.com/alatticeio/lattice/cmd/latticed/cmd/wireflowd.go:78.2,80.33 2 0
github.com/alatticeio/lattice/cmd/latticed/cmd/wireflowd.go:80.33,82.3 1 0
github.com/alatticeio/lattice/cmd/latticed/cmd/wireflowd.go:84.2,85.12 2 0
github.com/alatticeio/lattice/cmd/manager/main.go:19.13,21.2 1 0
github.com/alatticeio/lattice/hack/verify_metrics/main.go:49.46,52.16 2 0
github.com/alatticeio/lattice/hack/verify_metrics/main.go:52.16,54.3 1 0
github.com/alatticeio/lattice/hack/verify_metrics/main.go:55.2,58.49 4 0
github.com/alatticeio/lattice/hack/verify_metrics/main.go:58.49,60.3 1 0
github.com/alatticeio/lattice/hack/verify_metrics/main.go:61.2,61.16 1 0
github.com/alatticeio/lattice/hack/verify_metrics/main.go:65.34,66.76 1 0
github.com/alatticeio/lattice/hack/verify_metrics/main.go:66.76,68.3 1 0
github.com/alatticeio/lattice/hack/verify_metrics/main.go:69.2,71.10 3 0
github.com/alatticeio/lattice/hack/verify_metrics/main.go:74.29,75.14 1 0
github.com/alatticeio/lattice/hack/verify_metrics/main.go:75.14,77.3 1 0
github.com/alatticeio/lattice/hack/verify_metrics/main.go:78.2,78.27 1 0
github.com/alatticeio/lattice/hack/verify_metrics/main.go:92.39,104.39 6 0
github.com/alatticeio/lattice/hack/verify_metrics/main.go:104.39,105.24 1 0
github.com/alatticeio/lattice/hack/verify_metrics/main.go:105.24,107.4 1 0
github.com/alatticeio/lattice/hack/verify_metrics/main.go:108.3,108.20 1 0
github.com/alatticeio/lattice/hack/verify_metrics/main.go:111.2,111.17 1 0
github.com/alatticeio/lattice/hack/verify_metrics/main.go:111.17,112.38 1 0
github.com/alatticeio/lattice/hack/verify_metrics/main.go:112.38,118.4 5 0
github.com/alatticeio/lattice/hack/verify_metrics/main.go:120.2,120.61 1 0
github.com/alatticeio/lattice/hack/verify_metrics/main.go:120.61,122.17 2 0
github.com/alatticeio/lattice/hack/verify_metrics/main.go:122.17,124.4 1 0
github.com/alatticeio/lattice/hack/verify_metrics/main.go:125.3,125.37 1 0
github.com/alatticeio/lattice/hack/verify_metrics/main.go:125.37,127.25 2 0
github.com/alatticeio/lattice/hack/verify_metrics/main.go:127.25,131.5 3 0
github.com/alatticeio/lattice/hack/verify_metrics/main.go:133.3,133.11 1 0
github.com/alatticeio/lattice/hack/verify_metrics/main.go:136.2,140.25 4 0
github.com/alatticeio/lattice/hack/verify_metrics/main.go:140.25,142.3 1 0
github.com/alatticeio/lattice/hack/verify_metrics/main.go:143.2,143.25 1 0
github.com/alatticeio/lattice/hack/verify_metrics/main.go:143.25,145.3 1 0
github.com/alatticeio/lattice/hack/verify_metrics/main.go:146.2,146.26 1 0
github.com/alatticeio/lattice/hack/verify_metrics/main.go:146.26,148.3 1 0
github.com/alatticeio/lattice/hack/verify_metrics/main.go:150.2,151.26 2 0
github.com/alatticeio/lattice/hack/verify_metrics/main.go:151.26,153.3 1 0
github.com/alatticeio/lattice/hack/verify_metrics/main.go:154.2,154.15 1 0
github.com/alatticeio/lattice/hack/verify_metrics/main.go:169.34,171.4 1 0
github.com/alatticeio/lattice/hack/verify_metrics/main.go:176.34,178.4 1 0
github.com/alatticeio/lattice/hack/verify_metrics/main.go:183.34,185.4 1 0
github.com/alatticeio/lattice/hack/verify_metrics/main.go:190.34,192.4 1 0
github.com/alatticeio/lattice/hack/verify_metrics/main.go:197.34,199.4 1 0
github.com/alatticeio/lattice/hack/verify_metrics/main.go:204.34,206.4 1 0
github.com/alatticeio/lattice/hack/verify_metrics/main.go:211.34,213.4 1 0
github.com/alatticeio/lattice/hack/verify_metrics/main.go:218.34,220.4 1 0
github.com/alatticeio/lattice/hack/verify_metrics/main.go:234.34,234.58 1 0
github.com/alatticeio/lattice/hack/verify_metrics/main.go:236.17,248.27 8 0
github.com/alatticeio/lattice/hack/verify_metrics/main.go:248.27,250.17 2 0
github.com/alatticeio/lattice/hack/verify_metrics/main.go:250.17,253.12 3 0
github.com/alatticeio/lattice/hack/verify_metrics/main.go:255.3,256.13 2 0
github.com/alatticeio/lattice/hack/verify_metrics/main.go:256.13,259.4 2 0
github.com/alatticeio/lattice/hack/verify_metrics/main.go:259.9,262.4 1 0
github.com/alatticeio/lattice/hack/verify_metrics/main.go:266.2,287.20 14 0
github.com/alatticeio/lattice/hack/verify_metrics/main.go:287.20,292.27 4 0
github.com/alatticeio/lattice/hack/verify_metrics/main.go:292.27,294.17 2 0
github.com/alatticeio/lattice/hack/verify_metrics/main.go:294.17,296.5 1 0
github.com/alatticeio/lattice/hack/verify_metrics/main.go:297.4,298.60 1 0
github.com/alatticeio/lattice/hack/verify_metrics/main.go:302.2,303.11 2 0
github.com/alatticeio/lattice/hack/verify_metrics/main.go:303.11,305.3 1 0
github.com/alatticeio/lattice/hack/verify_metrics/main.go:305.8,311.3 5 0
github.com/alatticeio/lattice/hack/verify_metrics/main.go:312.2,314.14 2 0
github.com/alatticeio/lattice/hack/verify_metrics/main.go:317.24,318.11 1 0
github.com/alatticeio/lattice/hack/verify_metrics/main.go:318.11,320.3 1 0
github.com/alatticeio/lattice/hack/verify_metrics/main.go:321.2,321.10 1 0
github.com/alatticeio/lattice/hack/verify_metrics/main.go:324.13,326.22 2 0
github.com/alatticeio/lattice/hack/verify_metrics/main.go:326.22,333.3 6 0
github.com/alatticeio/lattice/hack/verify_metrics/main.go:335.2,335.12 1 0
github.com/alatticeio/lattice/hack/verify_metrics/main.go:335.12,336.7 1 0
github.com/alatticeio/lattice/hack/verify_metrics/main.go:336.7,340.4 3 0
github.com/alatticeio/lattice/hack/verify_metrics/main.go:341.8,342.13 1 0
github.com/alatticeio/lattice/hack/verify_metrics/main.go:342.13,344.4 1 0
github.com/alatticeio/lattice/internal/agent/client/network/network.go:49.66,51.16 2 0
github.com/alatticeio/lattice/internal/agent/client/network/network.go:51.16,53.3 1 0
github.com/alatticeio/lattice/internal/agent/client/network/network.go:55.2,55.49 1 0
github.com/alatticeio/lattice/internal/agent/client/network/network.go:58.96,66.16 3 0
github.com/alatticeio/lattice/internal/agent/client/network/network.go:66.16,68.3 1 0
github.com/alatticeio/lattice/internal/agent/client/network/network.go:70.2,71.16 2 0
github.com/alatticeio/lattice/internal/agent/client/network/network.go:71.16,73.3 1 0
github.com/alatticeio/lattice/internal/agent/client/network/network.go:75.2,75.12 1 0
github.com/alatticeio/lattice/internal/agent/client/network/network.go:78.94,87.16 4 0
github.com/alatticeio/lattice/internal/agent/client/network/network.go:87.16,89.3 1 0
github.com/alatticeio/lattice/internal/agent/client/network/network.go:91.2,92.16 2 0
github.com/alatticeio/lattice/internal/agent/client/network/network.go:92.16,94.3 1 0
github.com/alatticeio/lattice/internal/agent/client/network/network.go:96.2,97.12 2 0
github.com/alatticeio/lattice/internal/agent/client/network/network.go:100.95,108.16 4 0
github.com/alatticeio/lattice/internal/agent/client/network/network.go:108.16,110.3 1 0
github.com/alatticeio/lattice/internal/agent/client/network/network.go:112.2,113.16 2 0
github.com/alatticeio/lattice/internal/agent/client/network/network.go:113.16,115.3 1 0
github.com/alatticeio/lattice/internal/agent/client/network/network.go:117.2,118.12 2 0
github.com/alatticeio/lattice/internal/agent/client/network/network.go:129.33,134.19 3 0
github.com/alatticeio/lattice/internal/agent/client/network/network.go:134.19,136.3 1 0
github.com/alatticeio/lattice/internal/agent/client/network/network.go:138.2,138.18 1 0
github.com/alatticeio/lattice/internal/agent/client/network/node.go:24.109,32.16 4 0
github.com/alatticeio/lattice/internal/agent/client/network/node.go:32.16,34.3 1 0
github.com/alatticeio/lattice/internal/agent/client/network/node.go:36.2,37.16 2 0
github.com/alatticeio/lattice/internal/agent/client/network/node.go:37.16,39.3 1 0
github.com/alatticeio/lattice/internal/agent/client/network/node.go:41.2,41.12 1 0
github.com/alatticeio/lattice/hack/seed_metrics/main.go:47.13,49.22 2 0
github.com/alatticeio/lattice/hack/seed_metrics/main.go:49.22,51.3 1 0
github.com/alatticeio/lattice/hack/seed_metrics/main.go:53.2,62.23 8 0
github.com/alatticeio/lattice/hack/seed_metrics/main.go:62.23,64.3 1 0
github.com/alatticeio/lattice/hack/seed_metrics/main.go:67.2,68.24 2 0
github.com/alatticeio/lattice/hack/seed_metrics/main.go:68.24,76.3 7 0
github.com/alatticeio/lattice/hack/seed_metrics/main.go:78.2,84.19 4 0
github.com/alatticeio/lattice/hack/seed_metrics/main.go:84.19,86.25 1 0
github.com/alatticeio/lattice/hack/seed_metrics/main.go:86.25,98.4 10 0
github.com/alatticeio/lattice/hack/seed_metrics/main.go:99.3,99.42 1 0
github.com/alatticeio/lattice/hack/seed_metrics/main.go:103.72,107.29 3 0
github.com/alatticeio/lattice/hack/seed_metrics/main.go:107.29,124.32 11 0
github.com/alatticeio/lattice/hack/seed_metrics/main.go:124.32,125.14 1 0
github.com/alatticeio/lattice/hack/seed_metrics/main.go:125.14,126.13 1 0
github.com/alatticeio/lattice/hack/seed_metrics/main.go:128.4,153.90 14 0
github.com/alatticeio/lattice/hack/seed_metrics/main.go:157.2,160.16 4 0
github.com/alatticeio/lattice/hack/seed_metrics/main.go:160.16,163.3 2 0
github.com/alatticeio/lattice/hack/seed_metrics/main.go:164.2,166.81 2 0
github.com/alatticeio/lattice/hack/seed_metrics/main.go:166.81,169.3 2 0
github.com/alatticeio/lattice/hack/seed_metrics/main.go:170.2,171.72 1 0
github.com/alatticeio/lattice/hack/seed_metrics/main.go:174.85,176.2 1 0
github.com/alatticeio/lattice/hack/seed_metrics/main.go:179.35,181.2 1 0
github.com/alatticeio/lattice/hack/seed_metrics/main.go:183.41,185.2 1 0
github.com/alatticeio/lattice/internal/turn.go:37.44,39.2 1 0
github.com/alatticeio/lattice/internal/turn.go:41.48,45.2 3 0
github.com/alatticeio/lattice/internal/turn.go:47.57,49.16 2 0
github.com/alatticeio/lattice/internal/turn.go:49.16,51.3 1 0
github.com/alatticeio/lattice/internal/turn.go:53.2,53.20 1 0
github.com/alatticeio/lattice/internal/agent/client/admin.go:29.67,31.16 2 0
github.com/alatticeio/lattice/internal/agent/client/admin.go:31.16,33.3 1 0
github.com/alatticeio/lattice/internal/agent/client/admin.go:34.2,34.86 1 0
github.com/alatticeio/lattice/internal/agent/client/admin.go:40.74,46.16 2 0
github.com/alatticeio/lattice/internal/agent/client/admin.go:46.16,48.3 1 0
github.com/alatticeio/lattice/internal/agent/client/admin.go:49.2,50.49 2 0
github.com/alatticeio/lattice/internal/agent/client/admin.go:50.49,52.3 1 0
github.com/alatticeio/lattice/internal/agent/client/admin.go:53.2,58.12 6 0
github.com/alatticeio/lattice/internal/agent/client/admin.go:62.58,64.16 2 0
github.com/alatticeio/lattice/internal/agent/client/admin.go:64.16,66.3 1 0
github.com/alatticeio/lattice/internal/agent/client/admin.go:67.2,68.12 2 0
github.com/alatticeio/lattice/internal/agent/client/admin.go:72.41,74.16 2 0
github.com/alatticeio/lattice/internal/agent/client/admin.go:74.16,76.3 1 0
github.com/alatticeio/lattice/internal/agent/client/admin.go:77.2,78.51 2 0
github.com/alatticeio/lattice/internal/agent/client/admin.go:78.51,80.3 1 0
github.com/alatticeio/lattice/internal/agent/client/admin.go:81.2,81.20 1 0
github.com/alatticeio/lattice/internal/agent/client/admin.go:81.20,84.3 2 0
github.com/alatticeio/lattice/internal/agent/client/admin.go:85.2,87.26 3 0
github.com/alatticeio/lattice/internal/agent/client/admin.go:87.26,90.3 1 0
github.com/alatticeio/lattice/internal/agent/client/admin.go:91.2,91.18 1 0
github.com/alatticeio/lattice/internal/agent/client/admin.go:97.79,104.16 2 0
github.com/alatticeio/lattice/internal/agent/client/admin.go:104.16,106.3 1 0
github.com/alatticeio/lattice/internal/agent/client/admin.go:107.2,108.48 2 0
github.com/alatticeio/lattice/internal/agent/client/admin.go:108.48,110.3 1 0
github.com/alatticeio/lattice/internal/agent/client/admin.go:111.2,114.12 4 0
github.com/alatticeio/lattice/internal/agent/client/admin.go:118.51,120.16 2 0
github.com/alatticeio/lattice/internal/agent/client/admin.go:120.16,122.3 1 0
github.com/alatticeio/lattice/internal/agent/client/admin.go:123.2,124.48 2 0
github.com/alatticeio/lattice/internal/agent/client/admin.go:124.48,126.3 1 0
github.com/alatticeio/lattice/internal/agent/client/admin.go:127.2,130.12 4 0
github.com/alatticeio/lattice/internal/agent/client/admin.go:134.61,139.16 2 0
github.com/alatticeio/lattice/internal/agent/client/admin.go:139.16,141.3 1 0
github.com/alatticeio/lattice/internal/agent/client/admin.go:142.2,143.12 2 0
github.com/alatticeio/lattice/internal/agent/client/admin.go:147.55,149.16 2 0
github.com/alatticeio/lattice/internal/agent/client/admin.go:149.16,151.3 1 0
github.com/alatticeio/lattice/internal/agent/client/admin.go:152.2,153.51 2 0
github.com/alatticeio/lattice/internal/agent/client/admin.go:153.51,155.3 1 0
github.com/alatticeio/lattice/internal/agent/client/admin.go:156.2,156.20 1 0
github.com/alatticeio/lattice/internal/agent/client/admin.go:156.20,159.3 2 0
github.com/alatticeio/lattice/internal/agent/client/admin.go:160.2,162.25 3 0
github.com/alatticeio/lattice/internal/agent/client/admin.go:162.25,165.3 1 0
github.com/alatticeio/lattice/internal/agent/client/admin.go:166.2,166.18 1 0
github.com/alatticeio/lattice/internal/agent/client/admin.go:181.52,183.16 2 0
github.com/alatticeio/lattice/internal/agent/client/admin.go:183.16,185.3 1 0
github.com/alatticeio/lattice/internal/agent/client/admin.go:186.2,187.51 2 0
github.com/alatticeio/lattice/internal/agent/client/admin.go:187.51,189.3 1 0
github.com/alatticeio/lattice/internal/agent/client/admin.go:190.2,190.20 1 0
github.com/alatticeio/lattice/internal/agent/client/admin.go:190.20,193.3 2 0
github.com/alatticeio/lattice/internal/agent/client/admin.go:194.2,196.25 3 0
github.com/alatticeio/lattice/internal/agent/client/admin.go:196.25,199.3 1 0
github.com/alatticeio/lattice/internal/agent/client/admin.go:200.2,200.18 1 0
github.com/alatticeio/lattice/internal/agent/client/admin.go:205.88,211.16 2 0
github.com/alatticeio/lattice/internal/agent/client/admin.go:211.16,213.3 1 0
github.com/alatticeio/lattice/internal/agent/client/admin.go:214.2,218.53 2 0
github.com/alatticeio/lattice/internal/agent/client/admin.go:218.53,220.3 1 0
github.com/alatticeio/lattice/internal/agent/client/admin.go:221.2,224.34 4 0
github.com/alatticeio/lattice/internal/agent/client/admin.go:224.34,226.3 1 0
github.com/alatticeio/lattice/internal/agent/client/admin.go:227.2,227.18 1 0
github.com/alatticeio/lattice/internal/agent/client/admin.go:233.53,235.16 2 0
github.com/alatticeio/lattice/internal/agent/client/admin.go:235.16,237.3 1 0
github.com/alatticeio/lattice/internal/agent/client/admin.go:238.2,239.51 2 0
github.com/alatticeio/lattice/internal/agent/client/admin.go:239.51,241.3 1 0
github.com/alatticeio/lattice/internal/agent/client/admin.go:242.2,242.20 1 0
github.com/alatticeio/lattice/internal/agent/client/admin.go:242.20,245.3 2 0
github.com/alatticeio/lattice/internal/agent/client/admin.go:246.2,248.25 3 0
github.com/alatticeio/lattice/internal/agent/client/admin.go:248.25,250.25 2 0
github.com/alatticeio/lattice/internal/agent/client/admin.go:250.25,252.4 1 0
github.com/alatticeio/lattice/internal/agent/client/admin.go:253.3,254.24 2 0
github.com/alatticeio/lattice/internal/agent/client/admin.go:254.24,256.4 1 0
github.com/alatticeio/lattice/internal/agent/client/admin.go:257.3,257.74 1 0
github.com/alatticeio/lattice/internal/agent/client/admin.go:259.2,259.18 1 0
github.com/alatticeio/lattice/internal/agent/client/admin.go:263.61,265.16 2 0
github.com/alatticeio/lattice/internal/agent/client/admin.go:265.16,267.3 1 0
github.com/alatticeio/lattice/internal/agent/client/admin.go:268.2,269.12 2 0
github.com/alatticeio/lattice/internal/agent/client/client.go:18.51,20.16 2 0
github.com/alatticeio/lattice/internal/agent/client/client.go:20.16,22.3 1 0
github.com/alatticeio/lattice/internal/agent/client/client.go:23.2,23.41 1 0
github.com/alatticeio/lattice/internal/agent/client/client.go:26.50,30.16 3 0
github.com/alatticeio/lattice/internal/agent/client/client.go:30.16,32.3 1 0
github.com/alatticeio/lattice/internal/agent/client/client.go:32.8,34.58 2 0
github.com/alatticeio/lattice/internal/agent/client/client.go:34.58,37.4 2 0
github.com/alatticeio/lattice/internal/agent/client/client.go:38.3,39.61 2 0
github.com/alatticeio/lattice/internal/agent/client/client.go:42.2,42.12 1 0
github.com/alatticeio/lattice/internal/agent/client/client.go:45.30,49.2 3 0
github.com/alatticeio/lattice/internal/agent/client/client.go:51.68,59.16 3 0
github.com/alatticeio/lattice/internal/agent/client/client.go:59.16,61.3 1 0
github.com/alatticeio/lattice/internal/agent/client/client.go:63.2,65.16 2 0
github.com/alatticeio/lattice/internal/agent/client/client.go:65.16,67.3 1 0
github.com/alatticeio/lattice/internal/agent/client/client.go:69.2,71.12 2 0
github.com/alatticeio/lattice/internal/agent/heartbeat.go:35.52,40.16 4 0
github.com/alatticeio/lattice/internal/agent/heartbeat.go:40.16,43.3 2 0
github.com/alatticeio/lattice/internal/agent/heartbeat.go:45.2,45.17 1 0
github.com/alatticeio/lattice/internal/agent/heartbeat.go:45.17,48.102 3 0
github.com/alatticeio/lattice/internal/agent/heartbeat.go:48.102,50.4 1 0
github.com/alatticeio/lattice/internal/agent/heartbeat.go:54.2,59.6 4 0
github.com/alatticeio/lattice/internal/agent/heartbeat.go:59.6,60.10 1 0
github.com/alatticeio/lattice/internal/agent/heartbeat.go:61.21,62.10 1 0
github.com/alatticeio/lattice/internal/agent/heartbeat.go:63.19,64.10 1 0
github.com/alatticeio/lattice/internal/agent/message_handler.go:37.118,43.2 1 0
github.com/alatticeio/lattice/internal/agent/message_handler.go:47.85,49.38 1 0
github.com/alatticeio/lattice/internal/agent/message_handler.go:49.38,52.3 2 0
github.com/alatticeio/lattice/internal/agent/message_handler.go:54.2,60.52 2 0
github.com/alatticeio/lattice/internal/agent/message_handler.go:60.52,64.33 2 0
github.com/alatticeio/lattice/internal/agent/message_handler.go:64.33,65.34 1 0
github.com/alatticeio/lattice/internal/agent/message_handler.go:65.34,67.41 1 0
github.com/alatticeio/lattice/internal/agent/message_handler.go:67.41,69.97 2 0
github.com/alatticeio/lattice/internal/agent/message_handler.go:69.97,71.7 1 0
github.com/alatticeio/lattice/internal/agent/message_handler.go:72.6,72.38 1 0
github.com/alatticeio/lattice/internal/agent/message_handler.go:74.10,77.5 1 0
github.com/alatticeio/lattice/internal/agent/message_handler.go:81.3,81.29 1 0
github.com/alatticeio/lattice/internal/agent/message_handler.go:81.29,84.4 1 0
github.com/alatticeio/lattice/internal/agent/message_handler.go:87.3,87.38 1 0
github.com/alatticeio/lattice/internal/agent/message_handler.go:87.38,88.48 1 0
github.com/alatticeio/lattice/internal/agent/message_handler.go:88.48,90.48 1 0
github.com/alatticeio/lattice/internal/agent/message_handler.go:90.48,91.14 1 0
github.com/alatticeio/lattice/internal/agent/message_handler.go:93.5,94.57 2 0
github.com/alatticeio/lattice/internal/agent/message_handler.go:94.57,97.6 1 0
github.com/alatticeio/lattice/internal/agent/message_handler.go:102.3,102.40 1 0
github.com/alatticeio/lattice/internal/agent/message_handler.go:102.40,103.50 1 0
github.com/alatticeio/lattice/internal/agent/message_handler.go:103.50,105.60 2 0
github.com/alatticeio/lattice/internal/agent/message_handler.go:105.60,107.6 1 0
github.com/alatticeio/lattice/internal/agent/message_handler.go:110.8,113.3 1 0
github.com/alatticeio/lattice/internal/agent/message_handler.go:118.2,118.52 1 0
github.com/alatticeio/lattice/internal/agent/message_handler.go:118.52,120.3 1 0
github.com/alatticeio/lattice/internal/agent/message_handler.go:122.2,123.12 2 0
github.com/alatticeio/lattice/internal/agent/message_handler.go:127.89,132.54 3 0
github.com/alatticeio/lattice/internal/agent/message_handler.go:132.54,133.108 1 0
github.com/alatticeio/lattice/internal/agent/message_handler.go:133.108,136.4 2 0
github.com/alatticeio/lattice/internal/agent/message_handler.go:139.3,139.35 1 0
github.com/alatticeio/lattice/internal/agent/message_handler.go:139.35,141.4 1 0
github.com/alatticeio/lattice/internal/agent/message_handler.go:142.3,142.61 1 0
github.com/alatticeio/lattice/internal/agent/message_handler.go:142.61,145.4 2 0
github.com/alatticeio/lattice/internal/agent/message_handler.go:149.2,149.52 1 0
github.com/alatticeio/lattice/internal/agent/message_handler.go:149.52,152.3 2 0
github.com/alatticeio/lattice/internal/agent/message_handler.go:154.2,154.54 1 0
github.com/alatticeio/lattice/internal/agent/message_handler.go:154.54,157.3 2 0
github.com/alatticeio/lattice/internal/agent/message_handler.go:159.2,160.12 2 0
github.com/alatticeio/lattice/internal/agent/message_handler.go:163.90,164.41 1 0
github.com/alatticeio/lattice/internal/agent/message_handler.go:164.41,166.55 1 0
github.com/alatticeio/lattice/internal/agent/message_handler.go:166.55,168.4 1 0
github.com/alatticeio/lattice/internal/agent/message_handler.go:170.2,170.12 1 0
github.com/alatticeio/lattice/internal/agent/message_handler.go:173.92,174.30 1 0
github.com/alatticeio/lattice/internal/agent/message_handler.go:174.30,176.3 1 0
github.com/alatticeio/lattice/internal/agent/message_handler.go:177.2,177.51 1 0
github.com/alatticeio/lattice/internal/agent/node.go:113.67,133.16 7 0
github.com/alatticeio/lattice/internal/agent/node.go:133.16,135.3 1 0
github.com/alatticeio/lattice/internal/agent/node.go:140.2,140.76 1 0
github.com/alatticeio/lattice/internal/agent/node.go:140.76,142.3 1 0
github.com/alatticeio/lattice/internal/agent/node.go:144.2,144.76 1 0
github.com/alatticeio/lattice/internal/agent/node.go:144.76,146.3 1 0
github.com/alatticeio/lattice/internal/agent/node.go:150.2,160.19 7 0
github.com/alatticeio/lattice/internal/agent/node.go:160.19,165.3 4 0
github.com/alatticeio/lattice/internal/agent/node.go:169.2,170.16 2 0
github.com/alatticeio/lattice/internal/agent/node.go:170.16,172.3 1 0
github.com/alatticeio/lattice/internal/agent/node.go:173.2,183.42 2 0
github.com/alatticeio/lattice/internal/agent/node.go:183.42,185.4 1 0
github.com/alatticeio/lattice/internal/agent/node.go:186.51,188.4 1 0
github.com/alatticeio/lattice/internal/agent/node.go:190.2,190.16 1 0
github.com/alatticeio/lattice/internal/agent/node.go:190.16,192.3 1 0
github.com/alatticeio/lattice/internal/agent/node.go:196.2,197.16 2 0
github.com/alatticeio/lattice/internal/agent/node.go:197.16,199.3 1 0
github.com/alatticeio/lattice/internal/agent/node.go:201.2,202.16 2 0
github.com/alatticeio/lattice/internal/agent/node.go:202.16,204.3 1 0
github.com/alatticeio/lattice/internal/agent/node.go:207.2,230.48 4 0
github.com/alatticeio/lattice/internal/agent/node.go:230.48,232.4 1 0
github.com/alatticeio/lattice/internal/agent/node.go:233.68,234.34 1 0
github.com/alatticeio/lattice/internal/agent/node.go:234.34,236.5 1 0
github.com/alatticeio/lattice/internal/agent/node.go:237.4,237.42 1 0
github.com/alatticeio/lattice/internal/agent/node.go:239.30,241.4 1 0
github.com/alatticeio/lattice/internal/agent/node.go:246.2,246.139 1 0
github.com/alatticeio/lattice/internal/agent/node.go:246.139,248.3 1 0
github.com/alatticeio/lattice/internal/agent/node.go:252.2,252.26 1 0
github.com/alatticeio/lattice/internal/agent/node.go:252.26,253.35 1 0
github.com/alatticeio/lattice/internal/agent/node.go:253.35,255.4 1 0
github.com/alatticeio/lattice/internal/agent/node.go:255.9,257.21 2 0
github.com/alatticeio/lattice/internal/agent/node.go:257.21,259.5 1 0
github.com/alatticeio/lattice/internal/agent/node.go:261.4,261.21 1 0
github.com/alatticeio/lattice/internal/agent/node.go:261.21,265.5 1 0
github.com/alatticeio/lattice/internal/agent/node.go:267.3,267.17 1 0
github.com/alatticeio/lattice/internal/agent/node.go:267.17,269.4 1 0
github.com/alatticeio/lattice/internal/agent/node.go:270.3,270.25 1 0
github.com/alatticeio/lattice/internal/agent/node.go:279.2,290.17 3 0
github.com/alatticeio/lattice/internal/agent/node.go:290.17,292.3 1 0
github.com/alatticeio/lattice/internal/agent/node.go:295.2,302.22 4 0
github.com/alatticeio/lattice/internal/agent/node.go:303.26,304.68 1 0
github.com/alatticeio/lattice/internal/agent/node.go:305.10,306.72 1 0
github.com/alatticeio/lattice/internal/agent/node.go:308.2,327.49 5 0
github.com/alatticeio/lattice/internal/agent/node.go:327.49,330.17 3 0
github.com/alatticeio/lattice/internal/agent/node.go:330.17,333.4 2 0
github.com/alatticeio/lattice/internal/agent/node.go:334.3,336.32 2 0
github.com/alatticeio/lattice/internal/agent/node.go:336.32,338.4 1 0
github.com/alatticeio/lattice/internal/agent/node.go:339.3,340.17 2 0
github.com/alatticeio/lattice/internal/agent/node.go:340.17,343.4 2 0
github.com/alatticeio/lattice/internal/agent/node.go:344.3,344.76 1 0
github.com/alatticeio/lattice/internal/agent/node.go:344.76,346.4 1 0
github.com/alatticeio/lattice/internal/agent/node.go:349.2,349.18 1 0
github.com/alatticeio/lattice/internal/agent/node.go:362.49,363.37 1 0
github.com/alatticeio/lattice/internal/agent/node.go:363.37,365.3 1 0
github.com/alatticeio/lattice/internal/agent/node.go:367.2,369.17 1 0
github.com/alatticeio/lattice/internal/agent/node.go:369.17,371.3 1 0
github.com/alatticeio/lattice/internal/agent/node.go:373.2,374.16 2 0
github.com/alatticeio/lattice/internal/agent/node.go:374.16,376.3 1 0
github.com/alatticeio/lattice/internal/agent/node.go:378.2,378.57 1 0
github.com/alatticeio/lattice/internal/agent/node.go:385.29,386.25 1 0
github.com/alatticeio/lattice/internal/agent/node.go:386.25,387.46 1 0
github.com/alatticeio/lattice/internal/agent/node.go:387.46,389.4 1 0
github.com/alatticeio/lattice/internal/agent/node.go:391.2,391.26 1 0
github.com/alatticeio/lattice/internal/agent/node.go:391.26,392.47 1 0
github.com/alatticeio/lattice/internal/agent/node.go:392.47,394.4 1 0
github.com/alatticeio/lattice/internal/agent/node.go:396.2,397.12 2 0
github.com/alatticeio/lattice/internal/agent/node.go:403.56,405.16 2 0
github.com/alatticeio/lattice/internal/agent/node.go:405.16,407.3 1 0
github.com/alatticeio/lattice/internal/agent/node.go:409.2,409.30 1 0
github.com/alatticeio/lattice/internal/agent/node.go:409.30,412.3 2 0
github.com/alatticeio/lattice/internal/agent/node.go:414.2,416.40 2 0
github.com/alatticeio/lattice/internal/agent/node.go:420.24,422.2 1 0
github.com/alatticeio/lattice/internal/agent/node.go:428.48,430.43 2 0
github.com/alatticeio/lattice/internal/agent/node.go:430.43,432.3 1 0
github.com/alatticeio/lattice/internal/agent/node.go:433.2,433.34 1 0
github.com/alatticeio/lattice/internal/agent/node.go:453.51,459.2 2 0
github.com/alatticeio/lattice/internal/agent/node.go:461.33,463.2 1 0
github.com/alatticeio/lattice/internal/agent/node.go:465.39,467.2 1 0
github.com/alatticeio/lattice/internal/agent/node.go:469.52,471.2 1 0
github.com/alatticeio/lattice/internal/agent/run.go:45.61,49.61 3 0
github.com/alatticeio/lattice/internal/agent/run.go:49.61,51.3 1 0
github.com/alatticeio/lattice/internal/agent/run.go:53.2,64.46 3 0
github.com/alatticeio/lattice/internal/agent/run.go:64.46,66.3 1 0
github.com/alatticeio/lattice/internal/agent/run.go:66.8,68.3 1 0
github.com/alatticeio/lattice/internal/agent/run.go:70.2,72.21 2 0
github.com/alatticeio/lattice/internal/agent/run.go:72.21,73.13 1 0
github.com/alatticeio/lattice/internal/agent/run.go:73.13,75.44 2 0
github.com/alatticeio/lattice/internal/agent/run.go:75.44,77.5 1 0
github.com/alatticeio/lattice/internal/agent/run.go:81.2,82.16 2 0
github.com/alatticeio/lattice/internal/agent/run.go:82.16,84.3 1 0
github.com/alatticeio/lattice/internal/agent/run.go:86.2,86.51 1 0
github.com/alatticeio/lattice/internal/agent/run.go:86.51,88.17 2 0
github.com/alatticeio/lattice/internal/agent/run.go:88.17,91.4 2 0
github.com/alatticeio/lattice/internal/agent/run.go:92.3,92.18 1 0
github.com/alatticeio/lattice/internal/agent/run.go:95.2,95.37 1 0
github.com/alatticeio/lattice/internal/agent/run.go:95.37,97.3 1 0
github.com/alatticeio/lattice/internal/agent/run.go:100.2,104.60 3 0
github.com/alatticeio/lattice/internal/agent/run.go:104.60,110.17 3 0
github.com/alatticeio/lattice/internal/agent/run.go:110.17,112.4 1 0
github.com/alatticeio/lattice/internal/agent/run.go:112.9,115.24 2 0
github.com/alatticeio/lattice/internal/agent/run.go:115.24,117.5 1 0
github.com/alatticeio/lattice/internal/agent/run.go:118.4,123.22 2 0
github.com/alatticeio/lattice/internal/agent/run.go:123.22,123.52 1 0
github.com/alatticeio/lattice/internal/agent/run.go:127.2,128.16 2 0
github.com/alatticeio/lattice/internal/agent/run.go:128.16,130.3 1 0
github.com/alatticeio/lattice/internal/agent/run.go:132.2,133.16 2 0
github.com/alatticeio/lattice/internal/agent/run.go:133.16,135.3 1 0
github.com/alatticeio/lattice/internal/agent/run.go:137.2,137.20 1 0
github.com/alatticeio/lattice/internal/agent/run.go:137.20,138.13 1 0
github.com/alatticeio/lattice/internal/agent/run.go:138.13,141.4 2 0
github.com/alatticeio/lattice/internal/agent/run.go:143.3,143.7 1 0
github.com/alatticeio/lattice/internal/agent/run.go:143.7,145.18 2 0
github.com/alatticeio/lattice/internal/agent/run.go:145.18,146.12 1 0
github.com/alatticeio/lattice/internal/agent/run.go:147.24,148.23 1 0
github.com/alatticeio/lattice/internal/agent/run.go:149.13,150.52 1 0
github.com/alatticeio/lattice/internal/agent/run.go:153.4,153.25 1 0
github.com/alatticeio/lattice/internal/agent/run.go:153.25,156.5 2 0
github.com/alatticeio/lattice/internal/agent/run.go:160.2,162.69 2 0
github.com/alatticeio/lattice/internal/agent/run.go:162.69,164.3 1 0
github.com/alatticeio/lattice/internal/agent/run.go:166.2,166.41 1 0
github.com/alatticeio/lattice/internal/agent/run.go:166.41,168.3 1 0
github.com/alatticeio/lattice/internal/agent/run.go:169.2,171.12 2 0
github.com/alatticeio/lattice/internal/agent/run.go:175.66,179.22 3 0
github.com/alatticeio/lattice/internal/agent/run.go:180.16,182.55 2 0
github.com/alatticeio/lattice/internal/agent/run.go:183.17,184.41 1 0
github.com/alatticeio/lattice/internal/agent/run.go:185.10,186.30 1 0
github.com/alatticeio/lattice/internal/agent/run.go:189.2,189.50 1 0
github.com/alatticeio/lattice/internal/agent/run.go:189.50,191.3 1 0
github.com/alatticeio/lattice/internal/agent/run.go:193.2,194.50 2 0
github.com/alatticeio/lattice/internal/agent/run.go:194.50,196.17 2 0
github.com/alatticeio/lattice/internal/agent/run.go:196.17,198.4 1 0
github.com/alatticeio/lattice/internal/agent/run.go:199.3,199.24 1 0
github.com/alatticeio/lattice/internal/agent/run.go:200.8,203.3 2 0
github.com/alatticeio/lattice/internal/agent/run.go:205.2,213.16 4 0
github.com/alatticeio/lattice/internal/agent/run.go:213.16,215.3 1 0
github.com/alatticeio/lattice/internal/agent/run.go:217.2,218.30 2 0
github.com/alatticeio/lattice/internal/agent/run.go:218.30,219.39 1 0
github.com/alatticeio/lattice/internal/agent/run.go:219.39,221.4 1 0
github.com/alatticeio/lattice/internal/agent/run.go:224.2,225.16 2 0
github.com/alatticeio/lattice/internal/agent/run.go:225.16,227.3 1 0
github.com/alatticeio/lattice/internal/agent/run.go:228.2,228.41 1 0
github.com/alatticeio/lattice/internal/agent/run.go:228.41,230.3 1 0
github.com/alatticeio/lattice/internal/agent/run.go:232.2,234.12 3 0
github.com/alatticeio/lattice/internal/agent/run.go:238.39,240.25 2 0
github.com/alatticeio/lattice/internal/agent/run.go:240.25,242.17 2 0
github.com/alatticeio/lattice/internal/agent/run.go:242.17,244.4 1 0
github.com/alatticeio/lattice/internal/agent/run.go:245.3,246.17 2 0
github.com/alatticeio/lattice/internal/agent/run.go:246.17,248.4 1 0
github.com/alatticeio/lattice/internal/agent/run.go:249.3,249.23 1 0
github.com/alatticeio/lattice/internal/agent/run.go:249.23,251.4 1 0
github.com/alatticeio/lattice/internal/agent/run.go:252.3,252.33 1 0
github.com/alatticeio/lattice/internal/agent/run.go:255.2,257.16 3 0
github.com/alatticeio/lattice/internal/agent/run.go:257.16,259.3 1 0
github.com/alatticeio/lattice/internal/agent/run.go:261.2,262.16 2 0
github.com/alatticeio/lattice/internal/agent/run.go:262.16,264.3 1 0
github.com/alatticeio/lattice/internal/agent/run.go:266.2,267.16 2 0
github.com/alatticeio/lattice/internal/agent/run.go:267.16,269.3 1 0
github.com/alatticeio/lattice/internal/agent/run.go:271.2,271.53 1 0
github.com/alatticeio/lattice/internal/agent/run.go:271.53,273.3 1 0
github.com/alatticeio/lattice/internal/agent/run.go:275.2,276.12 2 0
github.com/alatticeio/lattice/internal/agent/run.go:279.41,281.2 1 0
github.com/alatticeio/lattice/internal/agent/run.go:283.39,285.2 1 0
github.com/alatticeio/lattice/internal/agent/run.go:287.38,288.62 1 0
github.com/alatticeio/lattice/internal/agent/run.go:288.62,290.3 1 0
github.com/alatticeio/lattice/internal/agent/run.go:291.2,291.68 1 0
github.com/alatticeio/lattice/fronted/cmd/wireflow/cmd/workspace/workspace.go:13.14,15.2 0 0
github.com/alatticeio/lattice/cmd/wrrper/main.go:33.13,39.68 1 0
github.com/alatticeio/lattice/cmd/wrrper/main.go:39.68,44.4 3 0
github.com/alatticeio/lattice/cmd/wrrper/main.go:45.55,47.4 1 0
github.com/alatticeio/lattice/cmd/wrrper/main.go:50.2,57.38 7 0
github.com/alatticeio/lattice/cmd/wrrper/main.go:57.38,60.3 2 0
github.com/alatticeio/lattice/cmd/wrrper/main.go:63.38,68.30 3 0
github.com/alatticeio/lattice/cmd/wrrper/main.go:68.30,70.17 2 0
github.com/alatticeio/lattice/cmd/wrrper/main.go:70.17,72.4 1 0
github.com/alatticeio/lattice/cmd/wrrper/main.go:72.9,74.14 2 0
github.com/alatticeio/lattice/cmd/wrrper/main.go:74.14,75.74 1 0
github.com/alatticeio/lattice/cmd/wrrper/main.go:75.74,77.6 1 0
github.com/alatticeio/lattice/cmd/wrrper/main.go:82.2,82.23 1 0
github.com/alatticeio/lattice/internal/agent/config/base64.go:19.40,21.2 1 0
github.com/alatticeio/lattice/internal/agent/config/base64.go:23.47,25.16 2 0
github.com/alatticeio/lattice/internal/agent/config/base64.go:25.16,27.3 1 0
github.com/alatticeio/lattice/internal/agent/config/base64.go:29.2,29.26 1 0
github.com/alatticeio/lattice/internal/agent/config/config.go:60.34,61.24 1 0
github.com/alatticeio/lattice/internal/agent/config/config.go:61.24,63.3 1 0
github.com/alatticeio/lattice/internal/agent/config/config.go:64.2,64.22 1 0
github.com/alatticeio/lattice/internal/agent/config/config.go:68.40,68.63 1 0
github.com/alatticeio/lattice/internal/agent/config/config.go:84.47,84.62 1 0
github.com/alatticeio/lattice/internal/agent/config/config.go:97.57,99.20 2 0
github.com/alatticeio/lattice/internal/agent/config/config.go:99.20,99.42 1 0
github.com/alatticeio/lattice/internal/agent/config/config.go:100.2,100.12 1 0
github.com/alatticeio/lattice/internal/agent/config/config.go:104.61,104.84 1 0
github.com/alatticeio/lattice/internal/agent/config/config.go:107.39,109.43 2 0
github.com/alatticeio/lattice/internal/agent/config/config.go:109.43,111.3 1 0
github.com/alatticeio/lattice/internal/agent/config/config.go:112.2,112.12 1 0
github.com/alatticeio/lattice/internal/agent/config/config.go:120.69,122.51 2 0
github.com/alatticeio/lattice/internal/agent/config/config.go:122.51,124.3 1 0
github.com/alatticeio/lattice/internal/agent/config/config.go:127.2,127.40 1 0
github.com/alatticeio/lattice/internal/agent/config/config.go:127.40,128.23 1 0
github.com/alatticeio/lattice/internal/agent/config/config.go:128.23,130.4 1 0
github.com/alatticeio/lattice/internal/agent/config/config.go:131.3,131.37 1 0
github.com/alatticeio/lattice/internal/agent/config/config.go:136.2,136.43 1 0
github.com/alatticeio/lattice/internal/agent/config/config.go:136.43,138.3 1 0
github.com/alatticeio/lattice/internal/agent/config/config.go:139.2,139.12 1 0
[...]
github.com/alatticeio/lattice/internal/server/server/server.go:278.37,280.3 1 0
github.com/alatticeio/lattice/internal/server/server/server.go:283.2,283.39 1 0
github.com/alatticeio/lattice/internal/server/server/server.go:283.39,285.3 1 0
github.com/alatticeio/lattice/internal/server/server/server.go:287.2,287.29 1 0
github.com/alatticeio/lattice/internal/server/server/server.go:290.47,292.2 1 0
github.com/alatticeio/lattice/internal/server/server/server.go:296.47,298.2 1 0
github.com/alatticeio/lattice/internal/server/server/server.go:300.59,304.2 3 0
github.com/alatticeio/lattice/internal/server/server/server.go:306.60,310.2 3 0
github.com/alatticeio/lattice/internal/server/server/server.go:312.55,316.2 3 0
github.com/alatticeio/lattice/internal/server/server/server.go:318.62,325.54 4 0
github.com/alatticeio/lattice/internal/server/server/server.go:325.54,327.3 1 0
github.com/alatticeio/lattice/internal/server/server/server.go:328.2,328.25 1 0
github.com/alatticeio/lattice/internal/server/server/server.go:328.25,330.3 1 0
github.com/alatticeio/lattice/internal/server/server/server.go:332.2,333.16 2 0
github.com/alatticeio/lattice/internal/server/server/server.go:333.16,335.3 1 0
github.com/alatticeio/lattice/internal/server/server/server.go:337.2,338.16 2 0
github.com/alatticeio/lattice/internal/server/server/server.go:338.16,340.3 1 0
github.com/alatticeio/lattice/internal/server/server/server.go:341.2,341.56 1 0
github.com/alatticeio/lattice/internal/server/server/server.go:346.60,350.58 2 0
github.com/alatticeio/lattice/internal/server/server/server.go:350.58,352.3 1 0
github.com/alatticeio/lattice/internal/server/server/server.go:353.2,353.25 1 0
github.com/alatticeio/lattice/internal/server/server/server.go:353.25,355.3 1 0
github.com/alatticeio/lattice/internal/server/server/server.go:356.2,356.22 1 0
github.com/alatticeio/lattice/internal/server/server/server.go:359.54,361.2 1 0
github.com/alatticeio/lattice/internal/server/server/user.go:14.31,18.2 2 0
github.com/alatticeio/lattice/internal/server/server/user.go:18.2,20.3 1 0
github.com/alatticeio/lattice/internal/server/server/user.go:22.2,23.2 2 0
github.com/alatticeio/lattice/internal/server/server/user.go:23.2,32.3 8 0
github.com/alatticeio/lattice/internal/server/server/user.go:36.47,38.47 2 0
github.com/alatticeio/lattice/internal/server/server/user.go:38.47,41.3 2 0
github.com/alatticeio/lattice/internal/server/server/user.go:43.2,47.16 3 0
github.com/alatticeio/lattice/internal/server/server/user.go:47.16,50.3 2 0
github.com/alatticeio/lattice/internal/server/server/user.go:52.2,52.57 1 0
github.com/alatticeio/lattice/internal/server/server/user.go:55.40,57.47 2 0
github.com/alatticeio/lattice/internal/server/server/user.go:57.47,60.3 2 0
github.com/alatticeio/lattice/internal/server/server/user.go:62.2,63.16 2 0
github.com/alatticeio/lattice/internal/server/server/user.go:63.16,66.3 2 0
github.com/alatticeio/lattice/internal/server/server/user.go:68.2,69.16 2 0
github.com/alatticeio/lattice/internal/server/server/user.go:69.16,72.3 2 0
github.com/alatticeio/lattice/internal/server/server/user.go:75.2,78.4 1 0
github.com/alatticeio/lattice/internal/server/server/user.go:81.42,82.30 1 0
github.com/alatticeio/lattice/internal/server/server/user.go:82.30,84.15 2 0
github.com/alatticeio/lattice/internal/server/server/user.go:84.15,87.4 2 0
github.com/alatticeio/lattice/internal/server/server/user.go:89.3,90.17 2 0
github.com/alatticeio/lattice/internal/server/server/user.go:90.17,93.4 2 0
github.com/alatticeio/lattice/internal/server/server/user.go:95.3,95.19 1 0
github.com/alatticeio/lattice/internal/server/server/user.go:99.50,100.30 1 0
github.com/alatticeio/lattice/internal/server/server/user.go:100.30,102.48 2 0
github.com/alatticeio/lattice/internal/server/server/user.go:102.48,105.4 2 0
github.com/alatticeio/lattice/internal/server/server/user.go:107.3,109.17 2 0
github.com/alatticeio/lattice/internal/server/server/user.go:109.17,112.4 2 0
github.com/alatticeio/lattice/internal/server/server/user.go:114.3,114.18 1 0
github.com/alatticeio/lattice/internal/server/server/user.go:118.53,119.30 1 0
github.com/alatticeio/lattice/internal/server/server/user.go:119.30,121.17 2 0
github.com/alatticeio/lattice/internal/server/server/user.go:121.17,124.4 2 0
github.com/alatticeio/lattice/internal/server/server/user.go:126.3,127.17 2 0
github.com/alatticeio/lattice/internal/server/server/user.go:127.17,130.4 2 0
github.com/alatticeio/lattice/internal/server/server/user.go:132.3,132.18 1 0
github.com/alatticeio/lattice/internal/server/server/user.go:136.59,137.30 1 0
github.com/alatticeio/lattice/internal/server/server/user.go:137.30,139.53 1 0
github.com/alatticeio/lattice/internal/server/server/user.go:139.53,142.4 2 0
github.com/alatticeio/lattice/internal/server/server/user.go:144.3,145.19 2 0
github.com/alatticeio/lattice/internal/server/server/user.go:145.19,148.4 2 0
github.com/alatticeio/lattice/internal/server/server/user.go:150.3,153.49 2 0
github.com/alatticeio/lattice/internal/server/server/user.go:153.49,156.4 2 0
github.com/alatticeio/lattice/internal/server/server/user.go:158.3,159.94 2 0
github.com/alatticeio/lattice/internal/server/server/user.go:159.94,162.4 2 0
github.com/alatticeio/lattice/internal/server/server/user.go:163.3,163.18 1 0
github.com/alatticeio/lattice/internal/server/server/user.go:168.45,169.30 1 0
github.com/alatticeio/lattice/internal/server/server/user.go:169.30,171.49 2 0
github.com/alatticeio/lattice/internal/server/server/user.go:171.49,174.4 2 0
github.com/alatticeio/lattice/internal/server/server/user.go:176.3,177.17 2 0
github.com/alatticeio/lattice/internal/server/server/user.go:177.17,180.4 2 0
github.com/alatticeio/lattice/internal/server/server/user.go:182.3,182.18 1 0
github.com/alatticeio/lattice/internal/server/server/user.go:187.60,188.30 1 0
github.com/alatticeio/lattice/internal/server/server/user.go:188.30,190.19 2 0
github.com/alatticeio/lattice/internal/server/server/user.go:190.19,193.4 2 0
github.com/alatticeio/lattice/internal/server/server/user.go:195.3,198.17 3 0
github.com/alatticeio/lattice/internal/server/server/user.go:198.17,201.4 2 0
github.com/alatticeio/lattice/internal/server/server/user.go:203.3,210.29 3 0
github.com/alatticeio/lattice/internal/server/server/user.go:210.29,212.18 2 0
github.com/alatticeio/lattice/internal/server/server/user.go:212.18,213.13 1 0
github.com/alatticeio/lattice/internal/server/server/user.go:215.4,219.6 1 0
github.com/alatticeio/lattice/internal/server/server/user.go:222.3,222.21 1 0
github.com/alatticeio/lattice/internal/server/server/user.go:226.43,227.30 1 0
github.com/alatticeio/lattice/internal/server/server/user.go:227.30,229.16 2 0
github.com/alatticeio/lattice/internal/server/server/user.go:229.16,232.4 2 0
github.com/alatticeio/lattice/internal/server/server/user.go:234.3,235.14 2 0
github.com/alatticeio/lattice/internal/server/server/user.go:235.14,237.4 1 0
github.com/alatticeio/lattice/internal/server/server/user.go:237.9,238.41 1 0
github.com/alatticeio/lattice/internal/server/server/user.go:238.41,240.5 1 0
github.com/alatticeio/lattice/internal/server/server/user.go:240.10,242.5 1 0
github.com/alatticeio/lattice/internal/server/server/user.go:245.3,245.18 1 0
github.com/alatticeio/lattice/internal/server/server/workflow.go:14.35,18.2 3 0
github.com/alatticeio/lattice/internal/server/server/workflow.go:18.2,24.3 5 0
github.com/alatticeio/lattice/internal/server/server/workflow.go:27.2,29.2 3 0
github.com/alatticeio/lattice/internal/server/server/workflow.go:29.2,34.3 4 0
github.com/alatticeio/lattice/internal/server/server/workflow.go:37.64,38.30 1 0
github.com/alatticeio/lattice/internal/server/server/workflow.go:38.30,47.49 3 0
github.com/alatticeio/lattice/internal/server/server/workflow.go:47.49,50.4 2 0
github.com/alatticeio/lattice/internal/server/server/workflow.go:52.3,53.26 2 0
github.com/alatticeio/lattice/internal/server/server/workflow.go:53.26,55.4 1 0
github.com/alatticeio/lattice/internal/server/server/workflow.go:57.3,67.17 2 0
github.com/alatticeio/lattice/internal/server/server/workflow.go:67.17,70.4 2 0
github.com/alatticeio/lattice/internal/server/server/workflow.go:71.3,71.43 1 0
github.com/alatticeio/lattice/internal/server/server/workflow.go:75.63,76.30 1 0
github.com/alatticeio/lattice/internal/server/server/workflow.go:76.30,78.17 2 0
github.com/alatticeio/lattice/internal/server/server/workflow.go:78.17,80.4 1 0
github.com/alatticeio/lattice/internal/server/server/workflow.go:82.3,88.69 2 0
github.com/alatticeio/lattice/internal/server/server/workflow.go:88.69,91.4 2 0
github.com/alatticeio/lattice/internal/server/server/workflow.go:93.3,94.17 2 0
github.com/alatticeio/lattice/internal/server/server/workflow.go:94.17,97.4 2 0
github.com/alatticeio/lattice/internal/server/server/workflow.go:98.3,98.21 1 0
github.com/alatticeio/lattice/internal/server/server/workflow.go:102.61,103.30 1 0
github.com/alatticeio/lattice/internal/server/server/workflow.go:103.30,105.15 2 0
github.com/alatticeio/lattice/internal/server/server/workflow.go:105.15,108.4 2 0
github.com/alatticeio/lattice/internal/server/server/workflow.go:109.3,110.17 2 0
github.com/alatticeio/lattice/internal/server/server/workflow.go:110.17,113.4 2 0
github.com/alatticeio/lattice/internal/server/server/workflow.go:114.3,114.16 1 0
github.com/alatticeio/lattice/internal/server/server/workflow.go:118.65,119.30 1 0
github.com/alatticeio/lattice/internal/server/server/workflow.go:119.30,133.17 5 0
github.com/alatticeio/lattice/internal/server/server/workflow.go:133.17,136.4 2 0
github.com/alatticeio/lattice/internal/server/server/workflow.go:137.3,137.18 1 0
github.com/alatticeio/lattice/internal/server/server/workflow.go:141.64,142.30 1 0
github.com/alatticeio/lattice/internal/server/server/workflow.go:142.30,156.17 5 0
github.com/alatticeio/lattice/internal/server/server/workflow.go:156.17,159.4 2 0
github.com/alatticeio/lattice/internal/server/server/workflow.go:160.3,160.18 1 0
github.com/alatticeio/lattice/internal/server/server/workspace.go:11.36,14.2 3 0
github.com/alatticeio/lattice/internal/server/server/workspace.go:14.2,19.3 4 0
github.com/alatticeio/lattice/internal/server/server/workspace.go:22.48,23.30 1 0
github.com/alatticeio/lattice/internal/server/server/workspace.go:23.30,25.57 2 0
github.com/alatticeio/lattice/internal/server/server/workspace.go:25.57,28.4 2 0
github.com/alatticeio/lattice/internal/server/server/workspace.go:30.3,31.17 2 0
github.com/alatticeio/lattice/internal/server/server/workspace.go:31.17,34.4 2 0
github.com/alatticeio/lattice/internal/server/server/workspace.go:36.3,36.26 1 0
github.com/alatticeio/lattice/internal/server/server/workspace.go:40.49,41.30 1 0
github.com/alatticeio/lattice/internal/server/server/workspace.go:41.30,44.49 2 0
github.com/alatticeio/lattice/internal/server/server/workspace.go:44.49,47.4 2 0
github.com/alatticeio/lattice/internal/server/server/workspace.go:49.3,50.17 2 0
github.com/alatticeio/lattice/internal/server/server/workspace.go:50.17,53.4 2 0
github.com/alatticeio/lattice/internal/server/server/workspace.go:55.3,55.18 1 0
github.com/alatticeio/lattice/internal/server/server/workspace.go:59.51,60.30 1 0
github.com/alatticeio/lattice/internal/server/server/workspace.go:60.30,62.15 2 0
github.com/alatticeio/lattice/internal/server/server/workspace.go:62.15,65.4 2 0
github.com/alatticeio/lattice/internal/server/server/workspace.go:66.3,67.57 2 0
github.com/alatticeio/lattice/internal/server/server/workspace.go:67.57,70.4 2 0
github.com/alatticeio/lattice/internal/server/server/workspace.go:71.3,72.17 2 0
github.com/alatticeio/lattice/internal/server/server/workspace.go:72.17,75.4 2 0
github.com/alatticeio/lattice/internal/server/server/workspace.go:76.3,76.17 1 0
github.com/alatticeio/lattice/internal/server/server/workspace.go:80.51,81.30 1 0
github.com/alatticeio/lattice/internal/server/server/workspace.go:81.30,83.15 2 0
github.com/alatticeio/lattice/internal/server/server/workspace.go:83.15,86.4 2 0
github.com/alatticeio/lattice/internal/server/server/workspace.go:88.3,89.17 2 0
github.com/alatticeio/lattice/internal/server/server/workspace.go:89.17,92.4 2 0
github.com/alatticeio/lattice/internal/server/server/workspace.go:94.3,94.19 1 0
github.com/alatticeio/lattice/internal/server/transport/test/main.go:18.13,24.16 5 0
github.com/alatticeio/lattice/internal/server/transport/test/main.go:24.16,25.13 1 0
github.com/alatticeio/lattice/internal/server/transport/test/main.go:27.2,28.16 2 0
github.com/alatticeio/lattice/internal/server/transport/test/main.go:28.16,29.13 1 0
github.com/alatticeio/lattice/internal/server/transport/test/main.go:32.2,37.16 5 0
github.com/alatticeio/lattice/internal/server/transport/test/main.go:37.16,38.13 1 0
github.com/alatticeio/lattice/internal/server/transport/test/main.go:41.2,51.34 3 0
github.com/alatticeio/lattice/internal/server/transport/test/main.go:51.34,51.55 1 0
github.com/alatticeio/lattice/internal/server/transport/test/main.go:54.2,55.16 2 0
github.com/alatticeio/lattice/internal/server/transport/test/main.go:55.16,56.13 1 0
github.com/alatticeio/lattice/internal/server/transport/test/main.go:59.2,59.12 1 0
github.com/alatticeio/lattice/internal/server/transport/test/main.go:59.12,60.7 1 0
github.com/alatticeio/lattice/internal/server/transport/test/main.go:60.7,67.18 7 0
github.com/alatticeio/lattice/internal/server/transport/test/main.go:67.18,68.15 1 0
github.com/alatticeio/lattice/internal/server/transport/test/main.go:73.2,73.115 1 0
github.com/alatticeio/lattice/internal/server/transport/test/main.go:73.115,74.13 1 0
github.com/alatticeio/lattice/internal/server/transport/test/main.go:77.2,78.16 2 0
github.com/alatticeio/lattice/internal/server/transport/test/main.go:78.16,79.13 1 0
github.com/alatticeio/lattice/internal/server/transport/test/main.go:82.2,82.50 1 0
github.com/alatticeio/lattice/internal/server/transport/test/main.go:82.50,83.13 1 0
github.com/alatticeio/lattice/internal/server/transport/test/main.go:86.2,86.14 1 0
github.com/alatticeio/lattice/internal/telemetry/telemetry_community.go:44.78,46.2 1 0
github.com/alatticeio/lattice/internal/telemetry/telemetry_community.go:71.91,73.2 1 0
github.com/alatticeio/lattice/internal/telemetry/telemetry_community.go:75.46,75.47 0 0
github.com/alatticeio/lattice/internal/telemetry/telemetry_community.go:77.50,77.64 1 0
github.com/alatticeio/lattice/pkg/utils/resp/response.go:15.68,21.2 1 0
github.com/alatticeio/lattice/pkg/utils/resp/response.go:23.43,25.2 1 0
github.com/alatticeio/lattice/pkg/utils/resp/response.go:27.40,29.2 1 0
github.com/alatticeio/lattice/pkg/utils/resp/response.go:31.44,33.2 1 0
github.com/alatticeio/lattice/pkg/utils/resp/response.go:35.47,37.2 1 0
github.com/alatticeio/lattice/pkg/utils/resp/response.go:39.45,41.2 1 0
github.com/alatticeio/lattice/pkg/utils/vm/query.go:12.87,15.16 2 0
github.com/alatticeio/lattice/pkg/utils/vm/query.go:15.16,17.3 1 0
github.com/alatticeio/lattice/pkg/utils/vm/query.go:20.2,21.29 2 0
github.com/alatticeio/lattice/pkg/utils/vm/query.go:21.29,24.3 1 0
github.com/alatticeio/lattice/pkg/utils/vm/query.go:27.2,27.38 1 0
github.com/alatticeio/lattice/pkg/version/version.go:18.17,25.2 1 0
github.com/alatticeio/lattice/test/utils/utils.go:39.27,41.2 1 0
github.com/alatticeio/lattice/test/utils/utils.go:44.41,48.42 3 0
github.com/alatticeio/lattice/test/utils/utils.go:48.42,50.3 1 0
github.com/alatticeio/lattice/test/utils/utils.go:52.2,56.16 5 0
github.com/alatticeio/lattice/test/utils/utils.go:56.16,58.3 1 0
github.com/alatticeio/lattice/test/utils/utils.go:60.2,60.28 1 0
github.com/alatticeio/lattice/test/utils/utils.go:64.40,69.2 4 0
github.com/alatticeio/lattice/test/utils/utils.go:72.36,75.36 3 0
github.com/alatticeio/lattice/test/utils/utils.go:75.36,77.3 1 0
github.com/alatticeio/lattice/test/utils/utils.go:82.39,92.16 4 0
github.com/alatticeio/lattice/test/utils/utils.go:92.16,94.3 1 0
github.com/alatticeio/lattice/test/utils/utils.go:95.2,96.37 2 0
github.com/alatticeio/lattice/test/utils/utils.go:96.37,97.32 1 0
github.com/alatticeio/lattice/test/utils/utils.go:97.32,98.35 1 0
github.com/alatticeio/lattice/test/utils/utils.go:98.35,100.5 1 0
github.com/alatticeio/lattice/test/utils/utils.go:104.2,104.14 1 0
github.com/alatticeio/lattice/test/utils/utils.go:108.29,111.36 3 0
github.com/alatticeio/lattice/test/utils/utils.go:111.36,113.3 1 0
github.com/alatticeio/lattice/test/utils/utils.go:117.33,120.36 3 0
github.com/alatticeio/lattice/test/utils/utils.go:120.36,122.3 1 0
github.com/alatticeio/lattice/test/utils/utils.go:125.2,132.12 3 0
github.com/alatticeio/lattice/test/utils/utils.go:137.40,151.16 4 0
github.com/alatticeio/lattice/test/utils/utils.go:151.16,153.3 1 0
github.com/alatticeio/lattice/test/utils/utils.go:156.2,157.38 2 0
github.com/alatticeio/lattice/test/utils/utils.go:157.38,158.32 1 0
github.com/alatticeio/lattice/test/utils/utils.go:158.32,159.35 1 0
github.com/alatticeio/lattice/test/utils/utils.go:159.35,161.5 1 0
github.com/alatticeio/lattice/test/utils/utils.go:165.2,165.14 1 0
github.com/alatticeio/lattice/test/utils/utils.go:169.56,171.47 2 0
github.com/alatticeio/lattice/test/utils/utils.go:171.47,173.3 1 0
github.com/alatticeio/lattice/test/utils/utils.go:174.2,177.12 4 0
github.com/alatticeio/lattice/test/utils/utils.go:182.47,185.35 3 0
github.com/alatticeio/lattice/test/utils/utils.go:185.35,186.20 1 0
github.com/alatticeio/lattice/test/utils/utils.go:186.20,188.4 1 0
github.com/alatticeio/lattice/test/utils/utils.go:191.2,191.12 1 0
github.com/alatticeio/lattice/test/utils/utils.go:195.38,197.16 2 0
github.com/alatticeio/lattice/test/utils/utils.go:197.16,199.3 1 0
github.com/alatticeio/lattice/test/utils/utils.go:200.2,201.16 2 0
github.com/alatticeio/lattice/test/utils/utils.go:206.59,210.16 2 0
github.com/alatticeio/lattice/test/utils/utils.go:210.16,212.3 1 0
github.com/alatticeio/lattice/test/utils/utils.go:213.2,216.13 3 0
github.com/alatticeio/lattice/test/utils/utils.go:216.13,218.3 1 0
github.com/alatticeio/lattice/test/utils/utils.go:220.2,222.16 3 0
github.com/alatticeio/lattice/test/utils/utils.go:222.16,224.3 1 0
github.com/alatticeio/lattice/test/utils/utils.go:226.2,227.21 2 0
github.com/alatticeio/lattice/test/utils/utils.go:227.21,229.3 1 0
github.com/alatticeio/lattice/test/utils/utils.go:230.2,230.6 1 0
github.com/alatticeio/lattice/test/utils/utils.go:230.6,231.87 1 0
github.com/alatticeio/lattice/test/utils/utils.go:231.87,233.4 1 0
github.com/alatticeio/lattice/test/utils/utils.go:235.3,235.22 1 0
github.com/alatticeio/lattice/test/utils/utils.go:235.22,236.9 1 0
github.com/alatticeio/lattice/test/utils/utils.go:238.3,238.49 1 0
github.com/alatticeio/lattice/test/utils/utils.go:238.49,240.4 1 0
github.com/alatticeio/lattice/test/utils/utils.go:243.2,243.63 1 0
github.com/alatticeio/lattice/test/utils/utils.go:243.63,245.3 1 0
github.com/alatticeio/lattice/test/utils/utils.go:249.2,249.65 1 0
github.com/alatticeio/lattice/test/utils/utils.go:249.65,251.3 1 0
github.com/alatticeio/lattice/test/utils/utils.go:253.2,253.12 1 0
github.com/alatticeio/lattice/internal/web/web.go:23.38,26.33 2 0
github.com/alatticeio/lattice/internal/web/web.go:26.33,30.41 2 0
github.com/alatticeio/lattice/internal/web/web.go:30.41,33.4 2 0
github.com/alatticeio/lattice/internal/web/web.go:36.3,37.21 2 0
github.com/alatticeio/lattice/internal/web/web.go:37.21,39.4 1 0
github.com/alatticeio/lattice/internal/web/web.go:42.3,43.17 2 0
github.com/alatticeio/lattice/internal/web/web.go:43.17,46.4 1 0
github.com/alatticeio/lattice/internal/web/web.go:46.9,48.4 1 0
github.com/alatticeio/lattice/internal/web/web.go:51.3,52.17 2 0
github.com/alatticeio/lattice/internal/web/web.go:52.17,55.4 2 0
github.com/alatticeio/lattice/internal/web/web.go:57.3,58.24 2 0
github.com/alatticeio/lattice/internal/web/web.go:58.24,60.4 1 0
github.com/alatticeio/lattice/internal/web/web.go:62.3,62.43 1 0
